<!DOCTYPE html>
<html>
  <head>
        <title>VC API Issuer Interoperability Report 1.0</title>
        <meta http-equiv='Content-Type' content='text/html;charset=utf-8'/>
        <!--
          === NOTA BENE ===
          For the three scripts below, if your spec resides on dev.w3 you can check them
          out in the same tree and use relative links so that they'll work offline,
         -->
       <script src="https://www.w3.org/Tools/respec/respec-w3c" class="remove" defer></script>
        <script type="text/javascript" class="remove">
          // set this in the config section
          var respecConfig = {
      "specStatus": "unofficial",
      "shortName": "vc-api-issuer-test-suite",
      "subtitle": "Test Interoperability Report for Verifiable Credentials API Issuer",
      "github": "https://github.com/w3c-ccg/vc-api-issuer-test-suite",
      "edDraftURI": "https://w3c-ccg.github.io/vc-api-issuer-test-suite/",
      "doJsonLd": true,
      "includePermalinks": false,
      "editors": [
        {
          "name": "Andrew Jones",
          "url": "https://github.com/aljones15",
          "company": "Digital Bazaar",
          "companyURL": "http://digitalbazaar.com/"
        }
      ],
      "authors": [
        {
          "name": "Andrew Jones",
          "url": "https://github.com/aljones15",
          "company": "Digital Bazaar",
          "companyURL": "http://digitalbazaar.com/"
        },
        {
          "name": "Manu Sporny",
          "url": "http://manu.sporny.org/",
          "company": "Digital Bazaar",
          "companyURL": "http://digitalbazaar.com/"
        }
      ]
    };
        </script>
        <style>
    .passed {
      font-weight: bold;
      background-color: lightgreen;
    }
    .failed {
      font-weight: bold;
      background-color: pink;
    }
    .pending {
      font-weight: bold;
      background-color: #cdeaed;
    }
    .unimplemented, .notImplemented {
      font-weight: bold;
      background-color: lightyellow;
    }
    .flex-center {
      display: flex;
      align-items: center;
      justify-content: center;
      width: fit-content;
    }
    .at-risk {
      outline: thin #c45e0a solid;
    }
    
        </style>
  </head>
  <body>
    <!-- these are not in <head> in order to override Respec injected styles -->
    <style>
      .hide {
        display: none;
      }
      details.hide {
        display: none;
      }
      .err {
        position: absolute;
        z-index: 1;
        white-space: nowrap;
        background: white;
        border: 1px solid darkgray;
        text-align: left;
        padding: .1em .5em;
        box-shadow: 0 0 5px darkgray;
        min-width: 25em;
      }
      span.err,
      details.err summary {
        color: indianred;
      }
      .no-space-around {
        margin: 0;
        padding: 0;
      }
      pre {
        width: 75%;
        white-space: pre-line;
        word-break: break-all;
        margin: 0;
        padding: 0;
        background: white;
      }
      code > span.hljs-attr {
        margin-left: 1rem;
      }
      .no-wrap {
        white-space: nowrap;
      }
      td.optional {
        background-color: #b9b7b7;
      }
      .text-right {
        text-align: right;
      }
      .text-left {
        text-align: left;
      }
      .text-center, th.text-center {
        text-align: center;
      }
      .qr-code {
        margin-left: 25px;
      }
      .row {
        display: flex;
        justify-content: space-between;
        align-items: center;
      }
      .small-font {
        font-size: 0.75rem;
      }
      .highlight-on-hover:hover {
        background-color: yellow;
        cursor: default;
      }
      .highlight-on-hover:hover + .relative-pos > .err {
        display: block;
      }
      pre, code.hljs {
        overflow: auto;
      }
      .relative-pos {
        position: relative;
        width: 0.5rem;
        height: 0.5rem;
        z-index: 1;
      }
      .relative-pos:hover > .err {
        display: block;
      }
    </style>
    <section id="abstract">
      <p>
      This is a test suite to demonstrate interoperability of issuers using the VC
      HTTP API.
      </p>
    </section>
    <section id="sotd">
    </section>
    
    <section class="informative" id="conformance-testing-results">
      <h2> Conformance Testing Results </h2>
      <p>
        These tests were run on <time>5 January 2025 at 5:09 am UTC</time>
      </p>
      <section class="informative" id="Key">
        <h3>Key</h3>
        <table>
          <tr>
            <td class="pending not-optional highlight-on-hover text-center">
              <div class="highlight-on-hover">üö´</div>
            </td>
            <td>Pending</td>
          </tr>
          <tr>
            <td class="passed not-optional highlight-on-hover text-center">
              <div class="highlight-on-hover">‚úì</div>
            </td>
            <td>Passed</td>
          </tr>
          <tr>
            <td class="failed not-optional highlight-on-hover text-center">
              <div class="highlight-on-hover">‚ùå</div>
            </td>
            <td>Failed</td>
          </tr>
          <tr>
            <td class="accessDenied not-optional highlight-on-hover text-center">
              <div class="highlight-on-hover">‚äò</div>
            </td>
            <td>Access Denied</td>
          </tr>
          <tr>
            <td class="timeout not-optional highlight-on-hover text-center">
              <div class="highlight-on-hover">‚è±</div>
            </td>
            <td>Timeout</td>
          </tr>
          <tr>
            <td class="notImplemented not-optional highlight-on-hover text-center">
              <div class="highlight-on-hover">‚Äî</div>
            </td>
            <td>Not Implemented</td>
          </tr>
        </table>
      </section>
    
      <p>
      The results of the tests are shown below:
      </p>
    </section>
    <section id="conformance">
      <!--- This will take the tests and display them as matrices -->
        <section class="informative" id="Issue Credential - Data Integrity">
          <h2>Issue Credential - Data Integrity</h2>
          <div class="row">
            <table class="simple">
              <thead>
                <th width="20%">
                  <div class="text-right small-font">
                  Issuer &#8658;
                  </div>
                  <div class="text-left small-font">
                  <span>&#8659;</span><span>Test Name</span>
                  </div>
                </th>
                    <th class="no-wrap small-font text-center">ACA-py</th>
                    <th class="no-wrap small-font text-center">apicatalog.com</th>
                    <th class="no-wrap small-font text-center">Danube Tech</th>
                    <th class="no-wrap small-font text-center">Digital Bazaar</th>
                    <th class="no-wrap small-font text-center">Digital Credentials Consortium</th>
                    <th class="no-wrap small-font text-center">EWF</th>
                    <th class="no-wrap small-font text-center">GS1 US</th>
                    <th class="no-wrap small-font text-center">Gen Digital</th>
                    <th class="no-wrap small-font text-center">LearnCard</th>
                    <th class="no-wrap small-font text-center">Mavennet</th>
                    <th class="no-wrap small-font text-center">Procivis One Core</th>
                    <th class="no-wrap small-font text-center">SecureKey</th>
                    <th class="no-wrap small-font text-center">SpruceID</th>
                    <th class="no-wrap small-font text-center">Trential</th>
                    <th class="no-wrap small-font text-center">Trinsic</th>
                </thead>
              <tbody>
              <tr class="confirmed">
                <!--This is the name of the test-->
                <td class="subtest">
                    MUST successfully issue a credential.
                </td>
                <!--These contain if the test passed, failed, or was skipped-->
                  <td class="passed not-optional highlight-on-hover text-center">
                    <div class= "highlight-on-hover">‚úì</div>
                    <div class="relative-pos">
                    </div>
                  </td>
                  <td class="failed not-optional highlight-on-hover text-center">
                    <div class= "highlight-on-hover">‚ùå</div>
                    <div class="relative-pos">
                      <details class="err hide">
                        <summary>Expected no error, got Request failed with status code 404 Not Found: expected HTTPError: Request failed with status cod‚Ä¶ { ‚Ä¶(5) } to not exist</summary>
                        <pre>AssertionError: Expected no error, got Request failed with status code 404 Not Found: expected HTTPError: Request failed with status cod‚Ä¶ { ‚Ä¶(5) } to not exist
                        at should.not.exist (node_modules/chai/lib/chai/interface/should.js:208:38)
                        at shouldReturnResult (file:///home/runner/work/vc-api-issuer-test-suite/vc-api-issuer-test-suite/tests/assertions.js:19:14)
                        at Context.&lt;anonymous&gt; (file:///home/runner/work/vc-api-issuer-test-suite/vc-api-issuer-test-suite/tests/10-issuer.js:41:9)
                        at process.processTicksAndRejections (node:internal/process/task_queues:95:5)</pre>
                      </details>
                    </div>
                  </td>
                  <td class="passed not-optional highlight-on-hover text-center">
                    <div class= "highlight-on-hover">‚úì</div>
                    <div class="relative-pos">
                    </div>
                  </td>
                  <td class="passed not-optional highlight-on-hover text-center">
                    <div class= "highlight-on-hover">‚úì</div>
                    <div class="relative-pos">
                    </div>
                  </td>
                  <td class="passed not-optional highlight-on-hover text-center">
                    <div class= "highlight-on-hover">‚úì</div>
                    <div class="relative-pos">
                    </div>
                  </td>
                  <td class="passed not-optional highlight-on-hover text-center">
                    <div class= "highlight-on-hover">‚úì</div>
                    <div class="relative-pos">
                    </div>
                  </td>
                  <td class="failed not-optional highlight-on-hover text-center">
                    <div class= "highlight-on-hover">‚ùå</div>
                    <div class="relative-pos">
                      <details class="err hide">
                        <summary>Request failed with status code 401 Unauthorized</summary>
                        <pre>HTTPError: Request failed with status code 401 Unauthorized
                        at fn (file:///home/runner/work/vc-api-issuer-test-suite/vc-api-issuer-test-suite/node_modules/ky/distribution/core/Ky.js:28:29)
                        at process.processTicksAndRejections (node:internal/process/task_queues:95:5)
                        at async _handleResponse (file:///home/runner/work/vc-api-issuer-test-suite/vc-api-issuer-test-suite/node_modules/@digitalbazaar/http-client/lib/httpClient.js:101:16)
                        at async makeHttpsRequest (file:///home/runner/work/vc-api-issuer-test-suite/vc-api-issuer-test-suite/node_modules/vc-test-suite-implementations/lib/requests.js:46:14)
                        at async _requestAccessToken (file:///home/runner/work/vc-api-issuer-test-suite/vc-api-issuer-test-suite/node_modules/vc-test-suite-implementations/lib/oauth2.js:94:41)
                        at async _getNewAccessToken (file:///home/runner/work/vc-api-issuer-test-suite/vc-api-issuer-test-suite/node_modules/vc-test-suite-implementations/lib/oauth2.js:78:9)
                        at async constructOAuthHeader (file:///home/runner/work/vc-api-issuer-test-suite/vc-api-issuer-test-suite/node_modules/vc-test-suite-implementations/lib/oauth2.js:24:25)
                        at async makeHttpsRequest (file:///home/runner/work/vc-api-issuer-test-suite/vc-api-issuer-test-suite/node_modules/vc-test-suite-implementations/lib/requests.js:43:29)
                        at async Context.&lt;anonymous&gt; (file:///home/runner/work/vc-api-issuer-test-suite/vc-api-issuer-test-suite/tests/10-issuer.js:40:49)</pre>
                      </details>
                    </div>
                  </td>
                  <td class="passed not-optional highlight-on-hover text-center">
                    <div class= "highlight-on-hover">‚úì</div>
                    <div class="relative-pos">
                    </div>
                  </td>
                  <td class="passed not-optional highlight-on-hover text-center">
                    <div class= "highlight-on-hover">‚úì</div>
                    <div class="relative-pos">
                    </div>
                  </td>
                  <td class="failed not-optional highlight-on-hover text-center">
                    <div class= "highlight-on-hover">‚ùå</div>
                    <div class="relative-pos">
                      <details class="err hide">
                        <summary>Request failed with status code 403 Forbidden</summary>
                        <pre>HTTPError: Request failed with status code 403 Forbidden
                        at fn (file:///home/runner/work/vc-api-issuer-test-suite/vc-api-issuer-test-suite/node_modules/ky/distribution/core/Ky.js:28:29)
                        at process.processTicksAndRejections (node:internal/process/task_queues:95:5)
                        at async _handleResponse (file:///home/runner/work/vc-api-issuer-test-suite/vc-api-issuer-test-suite/node_modules/@digitalbazaar/http-client/lib/httpClient.js:101:16)
                        at async makeHttpsRequest (file:///home/runner/work/vc-api-issuer-test-suite/vc-api-issuer-test-suite/node_modules/vc-test-suite-implementations/lib/requests.js:46:14)
                        at async _requestAccessToken (file:///home/runner/work/vc-api-issuer-test-suite/vc-api-issuer-test-suite/node_modules/vc-test-suite-implementations/lib/oauth2.js:94:41)
                        at async _getNewAccessToken (file:///home/runner/work/vc-api-issuer-test-suite/vc-api-issuer-test-suite/node_modules/vc-test-suite-implementations/lib/oauth2.js:78:9)
                        at async constructOAuthHeader (file:///home/runner/work/vc-api-issuer-test-suite/vc-api-issuer-test-suite/node_modules/vc-test-suite-implementations/lib/oauth2.js:24:25)
                        at async makeHttpsRequest (file:///home/runner/work/vc-api-issuer-test-suite/vc-api-issuer-test-suite/node_modules/vc-test-suite-implementations/lib/requests.js:43:29)
                        at async Context.&lt;anonymous&gt; (file:///home/runner/work/vc-api-issuer-test-suite/vc-api-issuer-test-suite/tests/10-issuer.js:40:49)</pre>
                      </details>
                    </div>
                  </td>
                  <td class="failed not-optional highlight-on-hover text-center">
                    <div class= "highlight-on-hover">‚ùå</div>
                    <div class="relative-pos">
                      <details class="err hide">
                        <summary>Expected no error, got Request failed with status code 400 Bad Request: expected HTTPError: Request failed with status cod‚Ä¶ { ‚Ä¶(6) } to not exist</summary>
                        <pre>AssertionError: Expected no error, got Request failed with status code 400 Bad Request: expected HTTPError: Request failed with status cod‚Ä¶ { ‚Ä¶(6) } to not exist
                        at should.not.exist (node_modules/chai/lib/chai/interface/should.js:208:38)
                        at shouldReturnResult (file:///home/runner/work/vc-api-issuer-test-suite/vc-api-issuer-test-suite/tests/assertions.js:19:14)
                        at Context.&lt;anonymous&gt; (file:///home/runner/work/vc-api-issuer-test-suite/vc-api-issuer-test-suite/tests/10-issuer.js:41:9)
                        at process.processTicksAndRejections (node:internal/process/task_queues:95:5)</pre>
                      </details>
                    </div>
                  </td>
                  <td class="failed not-optional highlight-on-hover text-center">
                    <div class= "highlight-on-hover">‚ùå</div>
                    <div class="relative-pos">
                      <details class="err hide">
                        <summary>Expected no error, got fetch failed: expected TypeError: fetch failed { ‚Ä¶(2) } to not exist</summary>
                        <pre>AssertionError: Expected no error, got fetch failed: expected TypeError: fetch failed { ‚Ä¶(2) } to not exist
                        at should.not.exist (node_modules/chai/lib/chai/interface/should.js:208:38)
                        at shouldReturnResult (file:///home/runner/work/vc-api-issuer-test-suite/vc-api-issuer-test-suite/tests/assertions.js:19:14)
                        at Context.&lt;anonymous&gt; (file:///home/runner/work/vc-api-issuer-test-suite/vc-api-issuer-test-suite/tests/10-issuer.js:41:9)
                        at process.processTicksAndRejections (node:internal/process/task_queues:95:5)</pre>
                      </details>
                    </div>
                  </td>
                  <td class="passed not-optional highlight-on-hover text-center">
                    <div class= "highlight-on-hover">‚úì</div>
                    <div class="relative-pos">
                    </div>
                  </td>
                  <td class="passed not-optional highlight-on-hover text-center">
                    <div class= "highlight-on-hover">‚úì</div>
                    <div class="relative-pos">
                    </div>
                  </td>
                  <td class="failed not-optional highlight-on-hover text-center">
                    <div class= "highlight-on-hover">‚ùå</div>
                    <div class="relative-pos">
                      <details class="err hide">
                        <summary>Expected result to have data.: expected undefined to exist</summary>
                        <pre>AssertionError: Expected result to have data.: expected undefined to exist
                        at should.exist (node_modules/chai/lib/chai/interface/should.js:144:34)
                        at Context.&lt;anonymous&gt; (file:///home/runner/work/vc-api-issuer-test-suite/vc-api-issuer-test-suite/tests/10-issuer.js:42:16)
                        at process.processTicksAndRejections (node:internal/process/task_queues:95:5)</pre>
                      </details>
                    </div>
                  </td>
              </tr>
              <tr class="confirmed">
                <!--This is the name of the test-->
                <td class="subtest">
                    Request body MUST have property &quot;credential&quot;.
                </td>
                <!--These contain if the test passed, failed, or was skipped-->
                  <td class="failed not-optional highlight-on-hover text-center">
                    <div class= "highlight-on-hover">‚ùå</div>
                    <div class="relative-pos">
                      <details class="err hide">
                        <summary>Expected status code 400 or 422.: expected 500 to be one of [ 400, 422 ]</summary>
                        <pre>AssertionError: Expected status code 400 or 422.: expected 500 to be one of [ 400, 422 ]
                        at shouldThrowInvalidInput (file:///home/runner/work/vc-api-issuer-test-suite/vc-api-issuer-test-suite/tests/assertions.js:14:26)
                        at Context.&lt;anonymous&gt; (file:///home/runner/work/vc-api-issuer-test-suite/vc-api-issuer-test-suite/tests/10-issuer.js:55:9)
                        at process.processTicksAndRejections (node:internal/process/task_queues:95:5)</pre>
                      </details>
                    </div>
                  </td>
                  <td class="failed not-optional highlight-on-hover text-center">
                    <div class= "highlight-on-hover">‚ùå</div>
                    <div class="relative-pos">
                      <details class="err hide">
                        <summary>Expected status code 400 or 422.: expected 404 to be one of [ 400, 422 ]</summary>
                        <pre>AssertionError: Expected status code 400 or 422.: expected 404 to be one of [ 400, 422 ]
                        at shouldThrowInvalidInput (file:///home/runner/work/vc-api-issuer-test-suite/vc-api-issuer-test-suite/tests/assertions.js:14:26)
                        at Context.&lt;anonymous&gt; (file:///home/runner/work/vc-api-issuer-test-suite/vc-api-issuer-test-suite/tests/10-issuer.js:55:9)
                        at process.processTicksAndRejections (node:internal/process/task_queues:95:5)</pre>
                      </details>
                    </div>
                  </td>
                  <td class="passed not-optional highlight-on-hover text-center">
                    <div class= "highlight-on-hover">‚úì</div>
                    <div class="relative-pos">
                    </div>
                  </td>
                  <td class="passed not-optional highlight-on-hover text-center">
                    <div class= "highlight-on-hover">‚úì</div>
                    <div class="relative-pos">
                    </div>
                  </td>
                  <td class="passed not-optional highlight-on-hover text-center">
                    <div class= "highlight-on-hover">‚úì</div>
                    <div class="relative-pos">
                    </div>
                  </td>
                  <td class="passed not-optional highlight-on-hover text-center">
                    <div class= "highlight-on-hover">‚úì</div>
                    <div class="relative-pos">
                    </div>
                  </td>
                  <td class="failed not-optional highlight-on-hover text-center">
                    <div class= "highlight-on-hover">‚ùå</div>
                    <div class="relative-pos">
                      <details class="err hide">
                        <summary>Request failed with status code 401 Unauthorized</summary>
                        <pre>HTTPError: Request failed with status code 401 Unauthorized
                        at fn (file:///home/runner/work/vc-api-issuer-test-suite/vc-api-issuer-test-suite/node_modules/ky/distribution/core/Ky.js:28:29)
                        at process.processTicksAndRejections (node:internal/process/task_queues:95:5)
                        at async _handleResponse (file:///home/runner/work/vc-api-issuer-test-suite/vc-api-issuer-test-suite/node_modules/@digitalbazaar/http-client/lib/httpClient.js:101:16)
                        at async makeHttpsRequest (file:///home/runner/work/vc-api-issuer-test-suite/vc-api-issuer-test-suite/node_modules/vc-test-suite-implementations/lib/requests.js:46:14)
                        at async _requestAccessToken (file:///home/runner/work/vc-api-issuer-test-suite/vc-api-issuer-test-suite/node_modules/vc-test-suite-implementations/lib/oauth2.js:94:41)
                        at async _getNewAccessToken (file:///home/runner/work/vc-api-issuer-test-suite/vc-api-issuer-test-suite/node_modules/vc-test-suite-implementations/lib/oauth2.js:78:9)
                        at async constructOAuthHeader (file:///home/runner/work/vc-api-issuer-test-suite/vc-api-issuer-test-suite/node_modules/vc-test-suite-implementations/lib/oauth2.js:24:25)
                        at async makeHttpsRequest (file:///home/runner/work/vc-api-issuer-test-suite/vc-api-issuer-test-suite/node_modules/vc-test-suite-implementations/lib/requests.js:43:29)
                        at async Context.&lt;anonymous&gt; (file:///home/runner/work/vc-api-issuer-test-suite/vc-api-issuer-test-suite/tests/10-issuer.js:54:33)</pre>
                      </details>
                    </div>
                  </td>
                  <td class="passed not-optional highlight-on-hover text-center">
                    <div class= "highlight-on-hover">‚úì</div>
                    <div class="relative-pos">
                    </div>
                  </td>
                  <td class="passed not-optional highlight-on-hover text-center">
                    <div class= "highlight-on-hover">‚úì</div>
                    <div class="relative-pos">
                    </div>
                  </td>
                  <td class="failed not-optional highlight-on-hover text-center">
                    <div class= "highlight-on-hover">‚ùå</div>
                    <div class="relative-pos">
                      <details class="err hide">
                        <summary>Request failed with status code 403 Forbidden</summary>
                        <pre>HTTPError: Request failed with status code 403 Forbidden
                        at fn (file:///home/runner/work/vc-api-issuer-test-suite/vc-api-issuer-test-suite/node_modules/ky/distribution/core/Ky.js:28:29)
                        at process.processTicksAndRejections (node:internal/process/task_queues:95:5)
                        at async _handleResponse (file:///home/runner/work/vc-api-issuer-test-suite/vc-api-issuer-test-suite/node_modules/@digitalbazaar/http-client/lib/httpClient.js:101:16)
                        at async makeHttpsRequest (file:///home/runner/work/vc-api-issuer-test-suite/vc-api-issuer-test-suite/node_modules/vc-test-suite-implementations/lib/requests.js:46:14)
                        at async _requestAccessToken (file:///home/runner/work/vc-api-issuer-test-suite/vc-api-issuer-test-suite/node_modules/vc-test-suite-implementations/lib/oauth2.js:94:41)
                        at async _getNewAccessToken (file:///home/runner/work/vc-api-issuer-test-suite/vc-api-issuer-test-suite/node_modules/vc-test-suite-implementations/lib/oauth2.js:78:9)
                        at async constructOAuthHeader (file:///home/runner/work/vc-api-issuer-test-suite/vc-api-issuer-test-suite/node_modules/vc-test-suite-implementations/lib/oauth2.js:24:25)
                        at async makeHttpsRequest (file:///home/runner/work/vc-api-issuer-test-suite/vc-api-issuer-test-suite/node_modules/vc-test-suite-implementations/lib/requests.js:43:29)
                        at async Context.&lt;anonymous&gt; (file:///home/runner/work/vc-api-issuer-test-suite/vc-api-issuer-test-suite/tests/10-issuer.js:54:33)</pre>
                      </details>
                    </div>
                  </td>
                  <td class="passed not-optional highlight-on-hover text-center">
                    <div class= "highlight-on-hover">‚úì</div>
                    <div class="relative-pos">
                    </div>
                  </td>
                  <td class="failed not-optional highlight-on-hover text-center">
                    <div class= "highlight-on-hover">‚ùå</div>
                    <div class="relative-pos">
                      <details class="err hide">
                        <summary>Expected an HTTP error response code.: expected undefined to exist</summary>
                        <pre>AssertionError: Expected an HTTP error response code.: expected undefined to exist
                        at should.exist (node_modules/chai/lib/chai/interface/should.js:144:34)
                        at shouldThrowInvalidInput (file:///home/runner/work/vc-api-issuer-test-suite/vc-api-issuer-test-suite/tests/assertions.js:11:10)
                        at Context.&lt;anonymous&gt; (file:///home/runner/work/vc-api-issuer-test-suite/vc-api-issuer-test-suite/tests/10-issuer.js:55:9)
                        at process.processTicksAndRejections (node:internal/process/task_queues:95:5)</pre>
                      </details>
                    </div>
                  </td>
                  <td class="passed not-optional highlight-on-hover text-center">
                    <div class= "highlight-on-hover">‚úì</div>
                    <div class="relative-pos">
                    </div>
                  </td>
                  <td class="passed not-optional highlight-on-hover text-center">
                    <div class= "highlight-on-hover">‚úì</div>
                    <div class="relative-pos">
                    </div>
                  </td>
                  <td class="failed not-optional highlight-on-hover text-center">
                    <div class= "highlight-on-hover">‚ùå</div>
                    <div class="relative-pos">
                      <details class="err hide">
                        <summary>Expected no result from issuer.: expected Response { status: 200, statusText: &#x27;OK&#x27;, headers: Headers { date: &#x27;Sun, 05 Jan 2025 05:09:47 GMT&#x27;, &#x27;content-type&#x27;: &#x27;text/html; charset&#x3D;utf-8&#x27;, &#x27;transfer-encoding&#x27;: &#x27;chunked&#x27;, connection: &#x27;keep-alive&#x27;, &#x27;cache-control&#x27;: &#x27;no-cache,no-store&#x27;, expires: &#x27;-1&#x27;, pragma: &#x27;no-cache&#x27;, &#x27;x-envoy-upstream-service-time&#x27;: &#x27;18&#x27;, &#x27;cf-cache-status&#x27;: &#x27;DYNAMIC&#x27;, &#x27;report-to&#x27;: &#x27;{&quot;endpoints&quot;:[{&quot;url&quot;:&quot;https:\\/\\/a.nel.cloudflare.com\\/report\\/v4?s&#x3D;P0beKj5zta7MeXtjnD17msSO4X9LxxmP0GVTtQRdAoOwq5h%2BxY8b8%2BTbFEO9%2F%2F4zcZ0ZSC3qISho%2FGpYeQhdIp5S8YaTeCyjwBvir51HRXxhYyswgpv575Tf0BXdoVSQrxgYsJIkdV80OKDPdSqh&quot;}],&quot;group&quot;:&quot;cf-nel&quot;,&quot;max_age&quot;:604800}&#x27;, nel: &#x27;{&quot;success_fraction&quot;:0,&quot;report_to&quot;:&quot;cf-nel&quot;,&quot;max_age&quot;:604800}&#x27;, server: &#x27;cloudflare&#x27;, &#x27;cf-ray&#x27;: &#x27;8fd0f54b8a32d630-IAD&#x27;, &#x27;content-encoding&#x27;: &#x27;br&#x27;, &#x27;server-timing&#x27;: &#x27;cfL4;desc&#x3D;&quot;?proto&#x3D;TCP&amp;rtt&#x3D;990&amp;min_rtt&#x3D;895&amp;rtt_var&#x3D;286&amp;sent&#x3D;9&amp;recv&#x3D;8&amp;lost&#x3D;0&amp;retrans&#x3D;0&amp;sent_bytes&#x3D;5648&amp;recv_bytes&#x3D;1914&amp;delivery_rate&#x3D;4962641&amp;cwnd&#x3D;255&amp;unsent_bytes&#x3D;0&amp;cid&#x3D;f069d7392fcc4fa2&amp;ts&#x3D;151&amp;x&#x3D;0&quot;&#x27;, Authorization: &#x27;** SANITIZED TO PREVENT EXPOSING OF SECRETS ***&#x27; }, body: null, bodyUsed: false, ok: true, redirected: false, type: &#x27;default&#x27;, url: &#x27;&#x27; } to not exist</summary>
                        <pre>AssertionError: Expected no result from issuer.: expected Response { status: 200, statusText: &#x27;OK&#x27;, headers: Headers { date: &#x27;Sun, 05 Jan 2025 05:09:47 GMT&#x27;, &#x27;content-type&#x27;: &#x27;text/html; charset&#x3D;utf-8&#x27;, &#x27;transfer-encoding&#x27;: &#x27;chunked&#x27;, connection: &#x27;keep-alive&#x27;, &#x27;cache-control&#x27;: &#x27;no-cache,no-store&#x27;, expires: &#x27;-1&#x27;, pragma: &#x27;no-cache&#x27;, &#x27;x-envoy-upstream-service-time&#x27;: &#x27;18&#x27;, &#x27;cf-cache-status&#x27;: &#x27;DYNAMIC&#x27;, &#x27;report-to&#x27;: &#x27;{&quot;endpoints&quot;:[{&quot;url&quot;:&quot;https:\\/\\/a.nel.cloudflare.com\\/report\\/v4?s&#x3D;P0beKj5zta7MeXtjnD17msSO4X9LxxmP0GVTtQRdAoOwq5h%2BxY8b8%2BTbFEO9%2F%2F4zcZ0ZSC3qISho%2FGpYeQhdIp5S8YaTeCyjwBvir51HRXxhYyswgpv575Tf0BXdoVSQrxgYsJIkdV80OKDPdSqh&quot;}],&quot;group&quot;:&quot;cf-nel&quot;,&quot;max_age&quot;:604800}&#x27;, nel: &#x27;{&quot;success_fraction&quot;:0,&quot;report_to&quot;:&quot;cf-nel&quot;,&quot;max_age&quot;:604800}&#x27;, server: &#x27;cloudflare&#x27;, &#x27;cf-ray&#x27;: &#x27;8fd0f54b8a32d630-IAD&#x27;, &#x27;content-encoding&#x27;: &#x27;br&#x27;, &#x27;server-timing&#x27;: &#x27;cfL4;desc&#x3D;&quot;?proto&#x3D;TCP&amp;rtt&#x3D;990&amp;min_rtt&#x3D;895&amp;rtt_var&#x3D;286&amp;sent&#x3D;9&amp;recv&#x3D;8&amp;lost&#x3D;0&amp;retrans&#x3D;0&amp;sent_bytes&#x3D;5648&amp;recv_bytes&#x3D;1914&amp;delivery_rate&#x3D;4962641&amp;cwnd&#x3D;255&amp;unsent_bytes&#x3D;0&amp;cid&#x3D;f069d7392fcc4fa2&amp;ts&#x3D;151&amp;x&#x3D;0&quot;&#x27;, Authorization: &#x27;** SANITIZED TO PREVENT EXPOSING OF SECRETS ***&#x27; }, body: null, bodyUsed: false, ok: true, redirected: false, type: &#x27;default&#x27;, url: &#x27;&#x27; } to not exist
                        at should.not.exist (node_modules/chai/lib/chai/interface/should.js:208:38)
                        at shouldThrowInvalidInput (file:///home/runner/work/vc-api-issuer-test-suite/vc-api-issuer-test-suite/tests/assertions.js:9:14)
                        at Context.&lt;anonymous&gt; (file:///home/runner/work/vc-api-issuer-test-suite/vc-api-issuer-test-suite/tests/10-issuer.js:55:9)
                        at process.processTicksAndRejections (node:internal/process/task_queues:95:5)</pre>
                      </details>
                    </div>
                  </td>
              </tr>
              <tr class="confirmed">
                <!--This is the name of the test-->
                <td class="subtest">
                    credential MUST have property &quot;@context&quot;.
                </td>
                <!--These contain if the test passed, failed, or was skipped-->
                  <td class="passed not-optional highlight-on-hover text-center">
                    <div class= "highlight-on-hover">‚úì</div>
                    <div class="relative-pos">
                    </div>
                  </td>
                  <td class="failed not-optional highlight-on-hover text-center">
                    <div class= "highlight-on-hover">‚ùå</div>
                    <div class="relative-pos">
                      <details class="err hide">
                        <summary>Expected status code 400 or 422.: expected 404 to be one of [ 400, 422 ]</summary>
                        <pre>AssertionError: Expected status code 400 or 422.: expected 404 to be one of [ 400, 422 ]
                        at shouldThrowInvalidInput (file:///home/runner/work/vc-api-issuer-test-suite/vc-api-issuer-test-suite/tests/assertions.js:14:26)
                        at Context.&lt;anonymous&gt; (file:///home/runner/work/vc-api-issuer-test-suite/vc-api-issuer-test-suite/tests/10-issuer.js:65:9)
                        at process.processTicksAndRejections (node:internal/process/task_queues:95:5)</pre>
                      </details>
                    </div>
                  </td>
                  <td class="passed not-optional highlight-on-hover text-center">
                    <div class= "highlight-on-hover">‚úì</div>
                    <div class="relative-pos">
                    </div>
                  </td>
                  <td class="passed not-optional highlight-on-hover text-center">
                    <div class= "highlight-on-hover">‚úì</div>
                    <div class="relative-pos">
                    </div>
                  </td>
                  <td class="passed not-optional highlight-on-hover text-center">
                    <div class= "highlight-on-hover">‚úì</div>
                    <div class="relative-pos">
                    </div>
                  </td>
                  <td class="passed not-optional highlight-on-hover text-center">
                    <div class= "highlight-on-hover">‚úì</div>
                    <div class="relative-pos">
                    </div>
                  </td>
                  <td class="failed not-optional highlight-on-hover text-center">
                    <div class= "highlight-on-hover">‚ùå</div>
                    <div class="relative-pos">
                      <details class="err hide">
                        <summary>Request failed with status code 401 Unauthorized</summary>
                        <pre>HTTPError: Request failed with status code 401 Unauthorized
                        at fn (file:///home/runner/work/vc-api-issuer-test-suite/vc-api-issuer-test-suite/node_modules/ky/distribution/core/Ky.js:28:29)
                        at process.processTicksAndRejections (node:internal/process/task_queues:95:5)
                        at async _handleResponse (file:///home/runner/work/vc-api-issuer-test-suite/vc-api-issuer-test-suite/node_modules/@digitalbazaar/http-client/lib/httpClient.js:101:16)
                        at async makeHttpsRequest (file:///home/runner/work/vc-api-issuer-test-suite/vc-api-issuer-test-suite/node_modules/vc-test-suite-implementations/lib/requests.js:46:14)
                        at async _requestAccessToken (file:///home/runner/work/vc-api-issuer-test-suite/vc-api-issuer-test-suite/node_modules/vc-test-suite-implementations/lib/oauth2.js:94:41)
                        at async _getNewAccessToken (file:///home/runner/work/vc-api-issuer-test-suite/vc-api-issuer-test-suite/node_modules/vc-test-suite-implementations/lib/oauth2.js:78:9)
                        at async constructOAuthHeader (file:///home/runner/work/vc-api-issuer-test-suite/vc-api-issuer-test-suite/node_modules/vc-test-suite-implementations/lib/oauth2.js:24:25)
                        at async makeHttpsRequest (file:///home/runner/work/vc-api-issuer-test-suite/vc-api-issuer-test-suite/node_modules/vc-test-suite-implementations/lib/requests.js:43:29)
                        at async Context.&lt;anonymous&gt; (file:///home/runner/work/vc-api-issuer-test-suite/vc-api-issuer-test-suite/tests/10-issuer.js:64:33)</pre>
                      </details>
                    </div>
                  </td>
                  <td class="passed not-optional highlight-on-hover text-center">
                    <div class= "highlight-on-hover">‚úì</div>
                    <div class="relative-pos">
                    </div>
                  </td>
                  <td class="passed not-optional highlight-on-hover text-center">
                    <div class= "highlight-on-hover">‚úì</div>
                    <div class="relative-pos">
                    </div>
                  </td>
                  <td class="failed not-optional highlight-on-hover text-center">
                    <div class= "highlight-on-hover">‚ùå</div>
                    <div class="relative-pos">
                      <details class="err hide">
                        <summary>Request failed with status code 403 Forbidden</summary>
                        <pre>HTTPError: Request failed with status code 403 Forbidden
                        at fn (file:///home/runner/work/vc-api-issuer-test-suite/vc-api-issuer-test-suite/node_modules/ky/distribution/core/Ky.js:28:29)
                        at process.processTicksAndRejections (node:internal/process/task_queues:95:5)
                        at async _handleResponse (file:///home/runner/work/vc-api-issuer-test-suite/vc-api-issuer-test-suite/node_modules/@digitalbazaar/http-client/lib/httpClient.js:101:16)
                        at async makeHttpsRequest (file:///home/runner/work/vc-api-issuer-test-suite/vc-api-issuer-test-suite/node_modules/vc-test-suite-implementations/lib/requests.js:46:14)
                        at async _requestAccessToken (file:///home/runner/work/vc-api-issuer-test-suite/vc-api-issuer-test-suite/node_modules/vc-test-suite-implementations/lib/oauth2.js:94:41)
                        at async _getNewAccessToken (file:///home/runner/work/vc-api-issuer-test-suite/vc-api-issuer-test-suite/node_modules/vc-test-suite-implementations/lib/oauth2.js:78:9)
                        at async constructOAuthHeader (file:///home/runner/work/vc-api-issuer-test-suite/vc-api-issuer-test-suite/node_modules/vc-test-suite-implementations/lib/oauth2.js:24:25)
                        at async makeHttpsRequest (file:///home/runner/work/vc-api-issuer-test-suite/vc-api-issuer-test-suite/node_modules/vc-test-suite-implementations/lib/requests.js:43:29)
                        at async Context.&lt;anonymous&gt; (file:///home/runner/work/vc-api-issuer-test-suite/vc-api-issuer-test-suite/tests/10-issuer.js:64:33)</pre>
                      </details>
                    </div>
                  </td>
                  <td class="passed not-optional highlight-on-hover text-center">
                    <div class= "highlight-on-hover">‚úì</div>
                    <div class="relative-pos">
                    </div>
                  </td>
                  <td class="failed not-optional highlight-on-hover text-center">
                    <div class= "highlight-on-hover">‚ùå</div>
                    <div class="relative-pos">
                      <details class="err hide">
                        <summary>Expected an HTTP error response code.: expected undefined to exist</summary>
                        <pre>AssertionError: Expected an HTTP error response code.: expected undefined to exist
                        at should.exist (node_modules/chai/lib/chai/interface/should.js:144:34)
                        at shouldThrowInvalidInput (file:///home/runner/work/vc-api-issuer-test-suite/vc-api-issuer-test-suite/tests/assertions.js:11:10)
                        at Context.&lt;anonymous&gt; (file:///home/runner/work/vc-api-issuer-test-suite/vc-api-issuer-test-suite/tests/10-issuer.js:65:9)
                        at process.processTicksAndRejections (node:internal/process/task_queues:95:5)</pre>
                      </details>
                    </div>
                  </td>
                  <td class="passed not-optional highlight-on-hover text-center">
                    <div class= "highlight-on-hover">‚úì</div>
                    <div class="relative-pos">
                    </div>
                  </td>
                  <td class="passed not-optional highlight-on-hover text-center">
                    <div class= "highlight-on-hover">‚úì</div>
                    <div class="relative-pos">
                    </div>
                  </td>
                  <td class="failed not-optional highlight-on-hover text-center">
                    <div class= "highlight-on-hover">‚ùå</div>
                    <div class="relative-pos">
                      <details class="err hide">
                        <summary>Expected no result from issuer.: expected Response { status: 200, statusText: &#x27;OK&#x27;, headers: Headers { date: &#x27;Sun, 05 Jan 2025 05:09:47 GMT&#x27;, &#x27;content-type&#x27;: &#x27;text/html; charset&#x3D;utf-8&#x27;, &#x27;transfer-encoding&#x27;: &#x27;chunked&#x27;, connection: &#x27;keep-alive&#x27;, &#x27;cache-control&#x27;: &#x27;no-cache,no-store&#x27;, expires: &#x27;-1&#x27;, pragma: &#x27;no-cache&#x27;, &#x27;x-envoy-upstream-service-time&#x27;: &#x27;8&#x27;, &#x27;cf-cache-status&#x27;: &#x27;DYNAMIC&#x27;, &#x27;report-to&#x27;: &#x27;{&quot;endpoints&quot;:[{&quot;url&quot;:&quot;https:\\/\\/a.nel.cloudflare.com\\/report\\/v4?s&#x3D;ThpQ8tLXuqfdKTPY3Ph3%2Br72iBqyEv1umcDr58Z3A7e5wL%2BZiD8m87T7J%2BVdGCKMKzpM9VIP%2FfTJZ0Fx%2FaTol0me4kqh9omIJJeIJIAkPIrd0OByE6tZ2DY4a4G0yVkEQYrZmuJuaMYaGv9xi%2F29&quot;}],&quot;group&quot;:&quot;cf-nel&quot;,&quot;max_age&quot;:604800}&#x27;, nel: &#x27;{&quot;success_fraction&quot;:0,&quot;report_to&quot;:&quot;cf-nel&quot;,&quot;max_age&quot;:604800}&#x27;, server: &#x27;cloudflare&#x27;, &#x27;cf-ray&#x27;: &#x27;8fd0f54bba98d630-IAD&#x27;, &#x27;content-encoding&#x27;: &#x27;br&#x27;, &#x27;server-timing&#x27;: &#x27;cfL4;desc&#x3D;&quot;?proto&#x3D;TCP&amp;rtt&#x3D;1258&amp;min_rtt&#x3D;895&amp;rtt_var&#x3D;692&amp;sent&#x3D;12&amp;recv&#x3D;10&amp;lost&#x3D;0&amp;retrans&#x3D;0&amp;sent_bytes&#x3D;8376&amp;recv_bytes&#x3D;2571&amp;delivery_rate&#x3D;4962641&amp;cwnd&#x3D;257&amp;unsent_bytes&#x3D;0&amp;cid&#x3D;f069d7392fcc4fa2&amp;ts&#x3D;181&amp;x&#x3D;0&quot;&#x27;, Authorization: &#x27;** SANITIZED TO PREVENT EXPOSING OF SECRETS ***&#x27; }, body: null, bodyUsed: false, ok: true, redirected: false, type: &#x27;default&#x27;, url: &#x27;&#x27; } to not exist</summary>
                        <pre>AssertionError: Expected no result from issuer.: expected Response { status: 200, statusText: &#x27;OK&#x27;, headers: Headers { date: &#x27;Sun, 05 Jan 2025 05:09:47 GMT&#x27;, &#x27;content-type&#x27;: &#x27;text/html; charset&#x3D;utf-8&#x27;, &#x27;transfer-encoding&#x27;: &#x27;chunked&#x27;, connection: &#x27;keep-alive&#x27;, &#x27;cache-control&#x27;: &#x27;no-cache,no-store&#x27;, expires: &#x27;-1&#x27;, pragma: &#x27;no-cache&#x27;, &#x27;x-envoy-upstream-service-time&#x27;: &#x27;8&#x27;, &#x27;cf-cache-status&#x27;: &#x27;DYNAMIC&#x27;, &#x27;report-to&#x27;: &#x27;{&quot;endpoints&quot;:[{&quot;url&quot;:&quot;https:\\/\\/a.nel.cloudflare.com\\/report\\/v4?s&#x3D;ThpQ8tLXuqfdKTPY3Ph3%2Br72iBqyEv1umcDr58Z3A7e5wL%2BZiD8m87T7J%2BVdGCKMKzpM9VIP%2FfTJZ0Fx%2FaTol0me4kqh9omIJJeIJIAkPIrd0OByE6tZ2DY4a4G0yVkEQYrZmuJuaMYaGv9xi%2F29&quot;}],&quot;group&quot;:&quot;cf-nel&quot;,&quot;max_age&quot;:604800}&#x27;, nel: &#x27;{&quot;success_fraction&quot;:0,&quot;report_to&quot;:&quot;cf-nel&quot;,&quot;max_age&quot;:604800}&#x27;, server: &#x27;cloudflare&#x27;, &#x27;cf-ray&#x27;: &#x27;8fd0f54bba98d630-IAD&#x27;, &#x27;content-encoding&#x27;: &#x27;br&#x27;, &#x27;server-timing&#x27;: &#x27;cfL4;desc&#x3D;&quot;?proto&#x3D;TCP&amp;rtt&#x3D;1258&amp;min_rtt&#x3D;895&amp;rtt_var&#x3D;692&amp;sent&#x3D;12&amp;recv&#x3D;10&amp;lost&#x3D;0&amp;retrans&#x3D;0&amp;sent_bytes&#x3D;8376&amp;recv_bytes&#x3D;2571&amp;delivery_rate&#x3D;4962641&amp;cwnd&#x3D;257&amp;unsent_bytes&#x3D;0&amp;cid&#x3D;f069d7392fcc4fa2&amp;ts&#x3D;181&amp;x&#x3D;0&quot;&#x27;, Authorization: &#x27;** SANITIZED TO PREVENT EXPOSING OF SECRETS ***&#x27; }, body: null, bodyUsed: false, ok: true, redirected: false, type: &#x27;default&#x27;, url: &#x27;&#x27; } to not exist
                        at should.not.exist (node_modules/chai/lib/chai/interface/should.js:208:38)
                        at shouldThrowInvalidInput (file:///home/runner/work/vc-api-issuer-test-suite/vc-api-issuer-test-suite/tests/assertions.js:9:14)
                        at Context.&lt;anonymous&gt; (file:///home/runner/work/vc-api-issuer-test-suite/vc-api-issuer-test-suite/tests/10-issuer.js:65:9)
                        at process.processTicksAndRejections (node:internal/process/task_queues:95:5)</pre>
                      </details>
                    </div>
                  </td>
              </tr>
              <tr class="confirmed">
                <!--This is the name of the test-->
                <td class="subtest">
                    credential &quot;@context&quot; MUST be an array.
                </td>
                <!--These contain if the test passed, failed, or was skipped-->
                  <td class="passed not-optional highlight-on-hover text-center">
                    <div class= "highlight-on-hover">‚úì</div>
                    <div class="relative-pos">
                    </div>
                  </td>
                  <td class="failed not-optional highlight-on-hover text-center">
                    <div class= "highlight-on-hover">‚ùå</div>
                    <div class="relative-pos">
                      <details class="err hide">
                        <summary>Expected status code 400 or 422.: expected 404 to be one of [ 400, 422 ]</summary>
                        <pre>AssertionError: Expected status code 400 or 422.: expected 404 to be one of [ 400, 422 ]
                        at shouldThrowInvalidInput (file:///home/runner/work/vc-api-issuer-test-suite/vc-api-issuer-test-suite/tests/assertions.js:14:26)
                        at Context.&lt;anonymous&gt; (file:///home/runner/work/vc-api-issuer-test-suite/vc-api-issuer-test-suite/tests/10-issuer.js:75:9)
                        at process.processTicksAndRejections (node:internal/process/task_queues:95:5)</pre>
                      </details>
                    </div>
                  </td>
                  <td class="passed not-optional highlight-on-hover text-center">
                    <div class= "highlight-on-hover">‚úì</div>
                    <div class="relative-pos">
                    </div>
                  </td>
                  <td class="passed not-optional highlight-on-hover text-center">
                    <div class= "highlight-on-hover">‚úì</div>
                    <div class="relative-pos">
                    </div>
                  </td>
                  <td class="passed not-optional highlight-on-hover text-center">
                    <div class= "highlight-on-hover">‚úì</div>
                    <div class="relative-pos">
                    </div>
                  </td>
                  <td class="passed not-optional highlight-on-hover text-center">
                    <div class= "highlight-on-hover">‚úì</div>
                    <div class="relative-pos">
                    </div>
                  </td>
                  <td class="failed not-optional highlight-on-hover text-center">
                    <div class= "highlight-on-hover">‚ùå</div>
                    <div class="relative-pos">
                      <details class="err hide">
                        <summary>Request failed with status code 401 Unauthorized</summary>
                        <pre>HTTPError: Request failed with status code 401 Unauthorized
                        at fn (file:///home/runner/work/vc-api-issuer-test-suite/vc-api-issuer-test-suite/node_modules/ky/distribution/core/Ky.js:28:29)
                        at process.processTicksAndRejections (node:internal/process/task_queues:95:5)
                        at async _handleResponse (file:///home/runner/work/vc-api-issuer-test-suite/vc-api-issuer-test-suite/node_modules/@digitalbazaar/http-client/lib/httpClient.js:101:16)
                        at async makeHttpsRequest (file:///home/runner/work/vc-api-issuer-test-suite/vc-api-issuer-test-suite/node_modules/vc-test-suite-implementations/lib/requests.js:46:14)
                        at async _requestAccessToken (file:///home/runner/work/vc-api-issuer-test-suite/vc-api-issuer-test-suite/node_modules/vc-test-suite-implementations/lib/oauth2.js:94:41)
                        at async _getNewAccessToken (file:///home/runner/work/vc-api-issuer-test-suite/vc-api-issuer-test-suite/node_modules/vc-test-suite-implementations/lib/oauth2.js:78:9)
                        at async constructOAuthHeader (file:///home/runner/work/vc-api-issuer-test-suite/vc-api-issuer-test-suite/node_modules/vc-test-suite-implementations/lib/oauth2.js:24:25)
                        at async makeHttpsRequest (file:///home/runner/work/vc-api-issuer-test-suite/vc-api-issuer-test-suite/node_modules/vc-test-suite-implementations/lib/requests.js:43:29)
                        at async Context.&lt;anonymous&gt; (file:///home/runner/work/vc-api-issuer-test-suite/vc-api-issuer-test-suite/tests/10-issuer.js:74:33)</pre>
                      </details>
                    </div>
                  </td>
                  <td class="passed not-optional highlight-on-hover text-center">
                    <div class= "highlight-on-hover">‚úì</div>
                    <div class="relative-pos">
                    </div>
                  </td>
                  <td class="passed not-optional highlight-on-hover text-center">
                    <div class= "highlight-on-hover">‚úì</div>
                    <div class="relative-pos">
                    </div>
                  </td>
                  <td class="failed not-optional highlight-on-hover text-center">
                    <div class= "highlight-on-hover">‚ùå</div>
                    <div class="relative-pos">
                      <details class="err hide">
                        <summary>Request failed with status code 403 Forbidden</summary>
                        <pre>HTTPError: Request failed with status code 403 Forbidden
                        at fn (file:///home/runner/work/vc-api-issuer-test-suite/vc-api-issuer-test-suite/node_modules/ky/distribution/core/Ky.js:28:29)
                        at process.processTicksAndRejections (node:internal/process/task_queues:95:5)
                        at async _handleResponse (file:///home/runner/work/vc-api-issuer-test-suite/vc-api-issuer-test-suite/node_modules/@digitalbazaar/http-client/lib/httpClient.js:101:16)
                        at async makeHttpsRequest (file:///home/runner/work/vc-api-issuer-test-suite/vc-api-issuer-test-suite/node_modules/vc-test-suite-implementations/lib/requests.js:46:14)
                        at async _requestAccessToken (file:///home/runner/work/vc-api-issuer-test-suite/vc-api-issuer-test-suite/node_modules/vc-test-suite-implementations/lib/oauth2.js:94:41)
                        at async _getNewAccessToken (file:///home/runner/work/vc-api-issuer-test-suite/vc-api-issuer-test-suite/node_modules/vc-test-suite-implementations/lib/oauth2.js:78:9)
                        at async constructOAuthHeader (file:///home/runner/work/vc-api-issuer-test-suite/vc-api-issuer-test-suite/node_modules/vc-test-suite-implementations/lib/oauth2.js:24:25)
                        at async makeHttpsRequest (file:///home/runner/work/vc-api-issuer-test-suite/vc-api-issuer-test-suite/node_modules/vc-test-suite-implementations/lib/requests.js:43:29)
                        at async Context.&lt;anonymous&gt; (file:///home/runner/work/vc-api-issuer-test-suite/vc-api-issuer-test-suite/tests/10-issuer.js:74:33)</pre>
                      </details>
                    </div>
                  </td>
                  <td class="passed not-optional highlight-on-hover text-center">
                    <div class= "highlight-on-hover">‚úì</div>
                    <div class="relative-pos">
                    </div>
                  </td>
                  <td class="failed not-optional highlight-on-hover text-center">
                    <div class= "highlight-on-hover">‚ùå</div>
                    <div class="relative-pos">
                      <details class="err hide">
                        <summary>Expected an HTTP error response code.: expected undefined to exist</summary>
                        <pre>AssertionError: Expected an HTTP error response code.: expected undefined to exist
                        at should.exist (node_modules/chai/lib/chai/interface/should.js:144:34)
                        at shouldThrowInvalidInput (file:///home/runner/work/vc-api-issuer-test-suite/vc-api-issuer-test-suite/tests/assertions.js:11:10)
                        at Context.&lt;anonymous&gt; (file:///home/runner/work/vc-api-issuer-test-suite/vc-api-issuer-test-suite/tests/10-issuer.js:75:9)
                        at process.processTicksAndRejections (node:internal/process/task_queues:95:5)</pre>
                      </details>
                    </div>
                  </td>
                  <td class="passed not-optional highlight-on-hover text-center">
                    <div class= "highlight-on-hover">‚úì</div>
                    <div class="relative-pos">
                    </div>
                  </td>
                  <td class="passed not-optional highlight-on-hover text-center">
                    <div class= "highlight-on-hover">‚úì</div>
                    <div class="relative-pos">
                    </div>
                  </td>
                  <td class="failed not-optional highlight-on-hover text-center">
                    <div class= "highlight-on-hover">‚ùå</div>
                    <div class="relative-pos">
                      <details class="err hide">
                        <summary>Expected no result from issuer.: expected Response { status: 200, statusText: &#x27;OK&#x27;, headers: Headers { date: &#x27;Sun, 05 Jan 2025 05:09:47 GMT&#x27;, &#x27;content-type&#x27;: &#x27;text/html; charset&#x3D;utf-8&#x27;, &#x27;transfer-encoding&#x27;: &#x27;chunked&#x27;, connection: &#x27;keep-alive&#x27;, &#x27;cache-control&#x27;: &#x27;no-cache,no-store&#x27;, expires: &#x27;-1&#x27;, pragma: &#x27;no-cache&#x27;, &#x27;x-envoy-upstream-service-time&#x27;: &#x27;7&#x27;, &#x27;cf-cache-status&#x27;: &#x27;DYNAMIC&#x27;, &#x27;report-to&#x27;: &#x27;{&quot;endpoints&quot;:[{&quot;url&quot;:&quot;https:\\/\\/a.nel.cloudflare.com\\/report\\/v4?s&#x3D;vL6RIzM4C3%2FwI4BXFdum2XZkHzmLPBPb8g556MGnHV%2B5uaMbdRfCfg6JQA8WTKE7V1MBHJN0FxqqWajyN8KQsDBxLlShBp4sYZnHikQRru%2FB7LO51Ch2LQBxuEzmr%2FNlZe9A44bENcHgFbjhr7ix&quot;}],&quot;group&quot;:&quot;cf-nel&quot;,&quot;max_age&quot;:604800}&#x27;, nel: &#x27;{&quot;success_fraction&quot;:0,&quot;report_to&quot;:&quot;cf-nel&quot;,&quot;max_age&quot;:604800}&#x27;, server: &#x27;cloudflare&#x27;, &#x27;cf-ray&#x27;: &#x27;8fd0f54beaf3d630-IAD&#x27;, &#x27;content-encoding&#x27;: &#x27;br&#x27;, &#x27;server-timing&#x27;: &#x27;cfL4;desc&#x3D;&quot;?proto&#x3D;TCP&amp;rtt&#x3D;1231&amp;min_rtt&#x3D;895&amp;rtt_var&#x3D;575&amp;sent&#x3D;14&amp;recv&#x3D;12&amp;lost&#x3D;0&amp;retrans&#x3D;0&amp;sent_bytes&#x3D;11135&amp;recv_bytes&#x3D;3241&amp;delivery_rate&#x3D;4962641&amp;cwnd&#x3D;257&amp;unsent_bytes&#x3D;0&amp;cid&#x3D;f069d7392fcc4fa2&amp;ts&#x3D;202&amp;x&#x3D;0&quot;&#x27;, Authorization: &#x27;** SANITIZED TO PREVENT EXPOSING OF SECRETS ***&#x27; }, body: null, bodyUsed: false, ok: true, redirected: false, type: &#x27;default&#x27;, url: &#x27;&#x27; } to not exist</summary>
                        <pre>AssertionError: Expected no result from issuer.: expected Response { status: 200, statusText: &#x27;OK&#x27;, headers: Headers { date: &#x27;Sun, 05 Jan 2025 05:09:47 GMT&#x27;, &#x27;content-type&#x27;: &#x27;text/html; charset&#x3D;utf-8&#x27;, &#x27;transfer-encoding&#x27;: &#x27;chunked&#x27;, connection: &#x27;keep-alive&#x27;, &#x27;cache-control&#x27;: &#x27;no-cache,no-store&#x27;, expires: &#x27;-1&#x27;, pragma: &#x27;no-cache&#x27;, &#x27;x-envoy-upstream-service-time&#x27;: &#x27;7&#x27;, &#x27;cf-cache-status&#x27;: &#x27;DYNAMIC&#x27;, &#x27;report-to&#x27;: &#x27;{&quot;endpoints&quot;:[{&quot;url&quot;:&quot;https:\\/\\/a.nel.cloudflare.com\\/report\\/v4?s&#x3D;vL6RIzM4C3%2FwI4BXFdum2XZkHzmLPBPb8g556MGnHV%2B5uaMbdRfCfg6JQA8WTKE7V1MBHJN0FxqqWajyN8KQsDBxLlShBp4sYZnHikQRru%2FB7LO51Ch2LQBxuEzmr%2FNlZe9A44bENcHgFbjhr7ix&quot;}],&quot;group&quot;:&quot;cf-nel&quot;,&quot;max_age&quot;:604800}&#x27;, nel: &#x27;{&quot;success_fraction&quot;:0,&quot;report_to&quot;:&quot;cf-nel&quot;,&quot;max_age&quot;:604800}&#x27;, server: &#x27;cloudflare&#x27;, &#x27;cf-ray&#x27;: &#x27;8fd0f54beaf3d630-IAD&#x27;, &#x27;content-encoding&#x27;: &#x27;br&#x27;, &#x27;server-timing&#x27;: &#x27;cfL4;desc&#x3D;&quot;?proto&#x3D;TCP&amp;rtt&#x3D;1231&amp;min_rtt&#x3D;895&amp;rtt_var&#x3D;575&amp;sent&#x3D;14&amp;recv&#x3D;12&amp;lost&#x3D;0&amp;retrans&#x3D;0&amp;sent_bytes&#x3D;11135&amp;recv_bytes&#x3D;3241&amp;delivery_rate&#x3D;4962641&amp;cwnd&#x3D;257&amp;unsent_bytes&#x3D;0&amp;cid&#x3D;f069d7392fcc4fa2&amp;ts&#x3D;202&amp;x&#x3D;0&quot;&#x27;, Authorization: &#x27;** SANITIZED TO PREVENT EXPOSING OF SECRETS ***&#x27; }, body: null, bodyUsed: false, ok: true, redirected: false, type: &#x27;default&#x27;, url: &#x27;&#x27; } to not exist
                        at should.not.exist (node_modules/chai/lib/chai/interface/should.js:208:38)
                        at shouldThrowInvalidInput (file:///home/runner/work/vc-api-issuer-test-suite/vc-api-issuer-test-suite/tests/assertions.js:9:14)
                        at Context.&lt;anonymous&gt; (file:///home/runner/work/vc-api-issuer-test-suite/vc-api-issuer-test-suite/tests/10-issuer.js:75:9)
                        at process.processTicksAndRejections (node:internal/process/task_queues:95:5)</pre>
                      </details>
                    </div>
                  </td>
              </tr>
              <tr class="confirmed">
                <!--This is the name of the test-->
                <td class="subtest">
                    credential &quot;@context&quot; items MUST be strings.
                </td>
                <!--These contain if the test passed, failed, or was skipped-->
                  <td class="passed not-optional highlight-on-hover text-center">
                    <div class= "highlight-on-hover">‚úì</div>
                    <div class="relative-pos">
                    </div>
                  </td>
                  <td class="failed not-optional highlight-on-hover text-center">
                    <div class= "highlight-on-hover">‚ùå</div>
                    <div class="relative-pos">
                      <details class="err hide">
                        <summary>Expected status code 400 or 422.: expected 404 to be one of [ 400, 422 ]</summary>
                        <pre>AssertionError: Expected status code 400 or 422.: expected 404 to be one of [ 400, 422 ]
                        at shouldThrowInvalidInput (file:///home/runner/work/vc-api-issuer-test-suite/vc-api-issuer-test-suite/tests/assertions.js:14:26)
                        at Context.&lt;anonymous&gt; (file:///home/runner/work/vc-api-issuer-test-suite/vc-api-issuer-test-suite/tests/10-issuer.js:87:11)
                        at process.processTicksAndRejections (node:internal/process/task_queues:95:5)</pre>
                      </details>
                    </div>
                  </td>
                  <td class="passed not-optional highlight-on-hover text-center">
                    <div class= "highlight-on-hover">‚úì</div>
                    <div class="relative-pos">
                    </div>
                  </td>
                  <td class="passed not-optional highlight-on-hover text-center">
                    <div class= "highlight-on-hover">‚úì</div>
                    <div class="relative-pos">
                    </div>
                  </td>
                  <td class="passed not-optional highlight-on-hover text-center">
                    <div class= "highlight-on-hover">‚úì</div>
                    <div class="relative-pos">
                    </div>
                  </td>
                  <td class="passed not-optional highlight-on-hover text-center">
                    <div class= "highlight-on-hover">‚úì</div>
                    <div class="relative-pos">
                    </div>
                  </td>
                  <td class="failed not-optional highlight-on-hover text-center">
                    <div class= "highlight-on-hover">‚ùå</div>
                    <div class="relative-pos">
                      <details class="err hide">
                        <summary>Request failed with status code 401 Unauthorized</summary>
                        <pre>HTTPError: Request failed with status code 401 Unauthorized
                        at fn (file:///home/runner/work/vc-api-issuer-test-suite/vc-api-issuer-test-suite/node_modules/ky/distribution/core/Ky.js:28:29)
                        at process.processTicksAndRejections (node:internal/process/task_queues:95:5)
                        at async _handleResponse (file:///home/runner/work/vc-api-issuer-test-suite/vc-api-issuer-test-suite/node_modules/@digitalbazaar/http-client/lib/httpClient.js:101:16)
                        at async makeHttpsRequest (file:///home/runner/work/vc-api-issuer-test-suite/vc-api-issuer-test-suite/node_modules/vc-test-suite-implementations/lib/requests.js:46:14)
                        at async _requestAccessToken (file:///home/runner/work/vc-api-issuer-test-suite/vc-api-issuer-test-suite/node_modules/vc-test-suite-implementations/lib/oauth2.js:94:41)
                        at async _getNewAccessToken (file:///home/runner/work/vc-api-issuer-test-suite/vc-api-issuer-test-suite/node_modules/vc-test-suite-implementations/lib/oauth2.js:78:9)
                        at async constructOAuthHeader (file:///home/runner/work/vc-api-issuer-test-suite/vc-api-issuer-test-suite/node_modules/vc-test-suite-implementations/lib/oauth2.js:24:25)
                        at async makeHttpsRequest (file:///home/runner/work/vc-api-issuer-test-suite/vc-api-issuer-test-suite/node_modules/vc-test-suite-implementations/lib/requests.js:43:29)
                        at async Context.&lt;anonymous&gt; (file:///home/runner/work/vc-api-issuer-test-suite/vc-api-issuer-test-suite/tests/10-issuer.js:86:35)</pre>
                      </details>
                    </div>
                  </td>
                  <td class="passed not-optional highlight-on-hover text-center">
                    <div class= "highlight-on-hover">‚úì</div>
                    <div class="relative-pos">
                    </div>
                  </td>
                  <td class="passed not-optional highlight-on-hover text-center">
                    <div class= "highlight-on-hover">‚úì</div>
                    <div class="relative-pos">
                    </div>
                  </td>
                  <td class="failed not-optional highlight-on-hover text-center">
                    <div class= "highlight-on-hover">‚ùå</div>
                    <div class="relative-pos">
                      <details class="err hide">
                        <summary>Request failed with status code 403 Forbidden</summary>
                        <pre>HTTPError: Request failed with status code 403 Forbidden
                        at fn (file:///home/runner/work/vc-api-issuer-test-suite/vc-api-issuer-test-suite/node_modules/ky/distribution/core/Ky.js:28:29)
                        at process.processTicksAndRejections (node:internal/process/task_queues:95:5)
                        at async _handleResponse (file:///home/runner/work/vc-api-issuer-test-suite/vc-api-issuer-test-suite/node_modules/@digitalbazaar/http-client/lib/httpClient.js:101:16)
                        at async makeHttpsRequest (file:///home/runner/work/vc-api-issuer-test-suite/vc-api-issuer-test-suite/node_modules/vc-test-suite-implementations/lib/requests.js:46:14)
                        at async _requestAccessToken (file:///home/runner/work/vc-api-issuer-test-suite/vc-api-issuer-test-suite/node_modules/vc-test-suite-implementations/lib/oauth2.js:94:41)
                        at async _getNewAccessToken (file:///home/runner/work/vc-api-issuer-test-suite/vc-api-issuer-test-suite/node_modules/vc-test-suite-implementations/lib/oauth2.js:78:9)
                        at async constructOAuthHeader (file:///home/runner/work/vc-api-issuer-test-suite/vc-api-issuer-test-suite/node_modules/vc-test-suite-implementations/lib/oauth2.js:24:25)
                        at async makeHttpsRequest (file:///home/runner/work/vc-api-issuer-test-suite/vc-api-issuer-test-suite/node_modules/vc-test-suite-implementations/lib/requests.js:43:29)
                        at async Context.&lt;anonymous&gt; (file:///home/runner/work/vc-api-issuer-test-suite/vc-api-issuer-test-suite/tests/10-issuer.js:86:35)</pre>
                      </details>
                    </div>
                  </td>
                  <td class="passed not-optional highlight-on-hover text-center">
                    <div class= "highlight-on-hover">‚úì</div>
                    <div class="relative-pos">
                    </div>
                  </td>
                  <td class="failed not-optional highlight-on-hover text-center">
                    <div class= "highlight-on-hover">‚ùå</div>
                    <div class="relative-pos">
                      <details class="err hide">
                        <summary>Expected an HTTP error response code.: expected undefined to exist</summary>
                        <pre>AssertionError: Expected an HTTP error response code.: expected undefined to exist
                        at should.exist (node_modules/chai/lib/chai/interface/should.js:144:34)
                        at shouldThrowInvalidInput (file:///home/runner/work/vc-api-issuer-test-suite/vc-api-issuer-test-suite/tests/assertions.js:11:10)
                        at Context.&lt;anonymous&gt; (file:///home/runner/work/vc-api-issuer-test-suite/vc-api-issuer-test-suite/tests/10-issuer.js:87:11)
                        at process.processTicksAndRejections (node:internal/process/task_queues:95:5)</pre>
                      </details>
                    </div>
                  </td>
                  <td class="passed not-optional highlight-on-hover text-center">
                    <div class= "highlight-on-hover">‚úì</div>
                    <div class="relative-pos">
                    </div>
                  </td>
                  <td class="passed not-optional highlight-on-hover text-center">
                    <div class= "highlight-on-hover">‚úì</div>
                    <div class="relative-pos">
                    </div>
                  </td>
                  <td class="failed not-optional highlight-on-hover text-center">
                    <div class= "highlight-on-hover">‚ùå</div>
                    <div class="relative-pos">
                      <details class="err hide">
                        <summary>Expected no result from issuer.: expected Response { status: 200, statusText: &#x27;OK&#x27;, headers: Headers { date: &#x27;Sun, 05 Jan 2025 05:09:47 GMT&#x27;, &#x27;content-type&#x27;: &#x27;text/html; charset&#x3D;utf-8&#x27;, &#x27;transfer-encoding&#x27;: &#x27;chunked&#x27;, connection: &#x27;keep-alive&#x27;, &#x27;cache-control&#x27;: &#x27;no-cache,no-store&#x27;, expires: &#x27;-1&#x27;, pragma: &#x27;no-cache&#x27;, &#x27;x-envoy-upstream-service-time&#x27;: &#x27;7&#x27;, &#x27;cf-cache-status&#x27;: &#x27;DYNAMIC&#x27;, &#x27;report-to&#x27;: &#x27;{&quot;endpoints&quot;:[{&quot;url&quot;:&quot;https:\\/\\/a.nel.cloudflare.com\\/report\\/v4?s&#x3D;%2BBn6YkCQe9JquFsxZkGepvf9tdwxtlRqskEtcG7WyBKtvME%2Bfg6foJCQYDwLFp06hgAbEwbjCbiay3uAL4etlLNhcZOeSfVR%2BCNKuNP87FV49gnk3hGsUl6zFUlQYNWVHZx6z9r7qcu%2BRhawMgB9&quot;}],&quot;group&quot;:&quot;cf-nel&quot;,&quot;max_age&quot;:604800}&#x27;, nel: &#x27;{&quot;success_fraction&quot;:0,&quot;report_to&quot;:&quot;cf-nel&quot;,&quot;max_age&quot;:604800}&#x27;, server: &#x27;cloudflare&#x27;, &#x27;cf-ray&#x27;: &#x27;8fd0f54c0b31d630-IAD&#x27;, &#x27;content-encoding&#x27;: &#x27;br&#x27;, &#x27;server-timing&#x27;: &#x27;cfL4;desc&#x3D;&quot;?proto&#x3D;TCP&amp;rtt&#x3D;1307&amp;min_rtt&#x3D;895&amp;rtt_var&#x3D;584&amp;sent&#x3D;16&amp;recv&#x3D;14&amp;lost&#x3D;0&amp;retrans&#x3D;0&amp;sent_bytes&#x3D;13864&amp;recv_bytes&#x3D;3922&amp;delivery_rate&#x3D;4962641&amp;cwnd&#x3D;257&amp;unsent_bytes&#x3D;0&amp;cid&#x3D;f069d7392fcc4fa2&amp;ts&#x3D;229&amp;x&#x3D;0&quot;&#x27;, Authorization: &#x27;** SANITIZED TO PREVENT EXPOSING OF SECRETS ***&#x27; }, body: null, bodyUsed: false, ok: true, redirected: false, type: &#x27;default&#x27;, url: &#x27;&#x27; } to not exist</summary>
                        <pre>AssertionError: Expected no result from issuer.: expected Response { status: 200, statusText: &#x27;OK&#x27;, headers: Headers { date: &#x27;Sun, 05 Jan 2025 05:09:47 GMT&#x27;, &#x27;content-type&#x27;: &#x27;text/html; charset&#x3D;utf-8&#x27;, &#x27;transfer-encoding&#x27;: &#x27;chunked&#x27;, connection: &#x27;keep-alive&#x27;, &#x27;cache-control&#x27;: &#x27;no-cache,no-store&#x27;, expires: &#x27;-1&#x27;, pragma: &#x27;no-cache&#x27;, &#x27;x-envoy-upstream-service-time&#x27;: &#x27;7&#x27;, &#x27;cf-cache-status&#x27;: &#x27;DYNAMIC&#x27;, &#x27;report-to&#x27;: &#x27;{&quot;endpoints&quot;:[{&quot;url&quot;:&quot;https:\\/\\/a.nel.cloudflare.com\\/report\\/v4?s&#x3D;%2BBn6YkCQe9JquFsxZkGepvf9tdwxtlRqskEtcG7WyBKtvME%2Bfg6foJCQYDwLFp06hgAbEwbjCbiay3uAL4etlLNhcZOeSfVR%2BCNKuNP87FV49gnk3hGsUl6zFUlQYNWVHZx6z9r7qcu%2BRhawMgB9&quot;}],&quot;group&quot;:&quot;cf-nel&quot;,&quot;max_age&quot;:604800}&#x27;, nel: &#x27;{&quot;success_fraction&quot;:0,&quot;report_to&quot;:&quot;cf-nel&quot;,&quot;max_age&quot;:604800}&#x27;, server: &#x27;cloudflare&#x27;, &#x27;cf-ray&#x27;: &#x27;8fd0f54c0b31d630-IAD&#x27;, &#x27;content-encoding&#x27;: &#x27;br&#x27;, &#x27;server-timing&#x27;: &#x27;cfL4;desc&#x3D;&quot;?proto&#x3D;TCP&amp;rtt&#x3D;1307&amp;min_rtt&#x3D;895&amp;rtt_var&#x3D;584&amp;sent&#x3D;16&amp;recv&#x3D;14&amp;lost&#x3D;0&amp;retrans&#x3D;0&amp;sent_bytes&#x3D;13864&amp;recv_bytes&#x3D;3922&amp;delivery_rate&#x3D;4962641&amp;cwnd&#x3D;257&amp;unsent_bytes&#x3D;0&amp;cid&#x3D;f069d7392fcc4fa2&amp;ts&#x3D;229&amp;x&#x3D;0&quot;&#x27;, Authorization: &#x27;** SANITIZED TO PREVENT EXPOSING OF SECRETS ***&#x27; }, body: null, bodyUsed: false, ok: true, redirected: false, type: &#x27;default&#x27;, url: &#x27;&#x27; } to not exist
                        at should.not.exist (node_modules/chai/lib/chai/interface/should.js:208:38)
                        at shouldThrowInvalidInput (file:///home/runner/work/vc-api-issuer-test-suite/vc-api-issuer-test-suite/tests/assertions.js:9:14)
                        at Context.&lt;anonymous&gt; (file:///home/runner/work/vc-api-issuer-test-suite/vc-api-issuer-test-suite/tests/10-issuer.js:87:11)
                        at process.processTicksAndRejections (node:internal/process/task_queues:95:5)</pre>
                      </details>
                    </div>
                  </td>
              </tr>
              <tr class="confirmed">
                <!--This is the name of the test-->
                <td class="subtest">
                    credential MUST have property &quot;type&quot;
                </td>
                <!--These contain if the test passed, failed, or was skipped-->
                  <td class="passed not-optional highlight-on-hover text-center">
                    <div class= "highlight-on-hover">‚úì</div>
                    <div class="relative-pos">
                    </div>
                  </td>
                  <td class="failed not-optional highlight-on-hover text-center">
                    <div class= "highlight-on-hover">‚ùå</div>
                    <div class="relative-pos">
                      <details class="err hide">
                        <summary>Expected status code 400 or 422.: expected 404 to be one of [ 400, 422 ]</summary>
                        <pre>AssertionError: Expected status code 400 or 422.: expected 404 to be one of [ 400, 422 ]
                        at shouldThrowInvalidInput (file:///home/runner/work/vc-api-issuer-test-suite/vc-api-issuer-test-suite/tests/assertions.js:14:26)
                        at Context.&lt;anonymous&gt; (file:///home/runner/work/vc-api-issuer-test-suite/vc-api-issuer-test-suite/tests/10-issuer.js:98:9)
                        at process.processTicksAndRejections (node:internal/process/task_queues:95:5)</pre>
                      </details>
                    </div>
                  </td>
                  <td class="passed not-optional highlight-on-hover text-center">
                    <div class= "highlight-on-hover">‚úì</div>
                    <div class="relative-pos">
                    </div>
                  </td>
                  <td class="passed not-optional highlight-on-hover text-center">
                    <div class= "highlight-on-hover">‚úì</div>
                    <div class="relative-pos">
                    </div>
                  </td>
                  <td class="passed not-optional highlight-on-hover text-center">
                    <div class= "highlight-on-hover">‚úì</div>
                    <div class="relative-pos">
                    </div>
                  </td>
                  <td class="passed not-optional highlight-on-hover text-center">
                    <div class= "highlight-on-hover">‚úì</div>
                    <div class="relative-pos">
                    </div>
                  </td>
                  <td class="failed not-optional highlight-on-hover text-center">
                    <div class= "highlight-on-hover">‚ùå</div>
                    <div class="relative-pos">
                      <details class="err hide">
                        <summary>Request failed with status code 401 Unauthorized</summary>
                        <pre>HTTPError: Request failed with status code 401 Unauthorized
                        at fn (file:///home/runner/work/vc-api-issuer-test-suite/vc-api-issuer-test-suite/node_modules/ky/distribution/core/Ky.js:28:29)
                        at process.processTicksAndRejections (node:internal/process/task_queues:95:5)
                        at async _handleResponse (file:///home/runner/work/vc-api-issuer-test-suite/vc-api-issuer-test-suite/node_modules/@digitalbazaar/http-client/lib/httpClient.js:101:16)
                        at async makeHttpsRequest (file:///home/runner/work/vc-api-issuer-test-suite/vc-api-issuer-test-suite/node_modules/vc-test-suite-implementations/lib/requests.js:46:14)
                        at async _requestAccessToken (file:///home/runner/work/vc-api-issuer-test-suite/vc-api-issuer-test-suite/node_modules/vc-test-suite-implementations/lib/oauth2.js:94:41)
                        at async _getNewAccessToken (file:///home/runner/work/vc-api-issuer-test-suite/vc-api-issuer-test-suite/node_modules/vc-test-suite-implementations/lib/oauth2.js:78:9)
                        at async constructOAuthHeader (file:///home/runner/work/vc-api-issuer-test-suite/vc-api-issuer-test-suite/node_modules/vc-test-suite-implementations/lib/oauth2.js:24:25)
                        at async makeHttpsRequest (file:///home/runner/work/vc-api-issuer-test-suite/vc-api-issuer-test-suite/node_modules/vc-test-suite-implementations/lib/requests.js:43:29)
                        at async Context.&lt;anonymous&gt; (file:///home/runner/work/vc-api-issuer-test-suite/vc-api-issuer-test-suite/tests/10-issuer.js:97:33)</pre>
                      </details>
                    </div>
                  </td>
                  <td class="passed not-optional highlight-on-hover text-center">
                    <div class= "highlight-on-hover">‚úì</div>
                    <div class="relative-pos">
                    </div>
                  </td>
                  <td class="passed not-optional highlight-on-hover text-center">
                    <div class= "highlight-on-hover">‚úì</div>
                    <div class="relative-pos">
                    </div>
                  </td>
                  <td class="failed not-optional highlight-on-hover text-center">
                    <div class= "highlight-on-hover">‚ùå</div>
                    <div class="relative-pos">
                      <details class="err hide">
                        <summary>Request failed with status code 403 Forbidden</summary>
                        <pre>HTTPError: Request failed with status code 403 Forbidden
                        at fn (file:///home/runner/work/vc-api-issuer-test-suite/vc-api-issuer-test-suite/node_modules/ky/distribution/core/Ky.js:28:29)
                        at process.processTicksAndRejections (node:internal/process/task_queues:95:5)
                        at async _handleResponse (file:///home/runner/work/vc-api-issuer-test-suite/vc-api-issuer-test-suite/node_modules/@digitalbazaar/http-client/lib/httpClient.js:101:16)
                        at async makeHttpsRequest (file:///home/runner/work/vc-api-issuer-test-suite/vc-api-issuer-test-suite/node_modules/vc-test-suite-implementations/lib/requests.js:46:14)
                        at async _requestAccessToken (file:///home/runner/work/vc-api-issuer-test-suite/vc-api-issuer-test-suite/node_modules/vc-test-suite-implementations/lib/oauth2.js:94:41)
                        at async _getNewAccessToken (file:///home/runner/work/vc-api-issuer-test-suite/vc-api-issuer-test-suite/node_modules/vc-test-suite-implementations/lib/oauth2.js:78:9)
                        at async constructOAuthHeader (file:///home/runner/work/vc-api-issuer-test-suite/vc-api-issuer-test-suite/node_modules/vc-test-suite-implementations/lib/oauth2.js:24:25)
                        at async makeHttpsRequest (file:///home/runner/work/vc-api-issuer-test-suite/vc-api-issuer-test-suite/node_modules/vc-test-suite-implementations/lib/requests.js:43:29)
                        at async Context.&lt;anonymous&gt; (file:///home/runner/work/vc-api-issuer-test-suite/vc-api-issuer-test-suite/tests/10-issuer.js:97:33)</pre>
                      </details>
                    </div>
                  </td>
                  <td class="passed not-optional highlight-on-hover text-center">
                    <div class= "highlight-on-hover">‚úì</div>
                    <div class="relative-pos">
                    </div>
                  </td>
                  <td class="failed not-optional highlight-on-hover text-center">
                    <div class= "highlight-on-hover">‚ùå</div>
                    <div class="relative-pos">
                      <details class="err hide">
                        <summary>Expected an HTTP error response code.: expected undefined to exist</summary>
                        <pre>AssertionError: Expected an HTTP error response code.: expected undefined to exist
                        at should.exist (node_modules/chai/lib/chai/interface/should.js:144:34)
                        at shouldThrowInvalidInput (file:///home/runner/work/vc-api-issuer-test-suite/vc-api-issuer-test-suite/tests/assertions.js:11:10)
                        at Context.&lt;anonymous&gt; (file:///home/runner/work/vc-api-issuer-test-suite/vc-api-issuer-test-suite/tests/10-issuer.js:98:9)
                        at process.processTicksAndRejections (node:internal/process/task_queues:95:5)</pre>
                      </details>
                    </div>
                  </td>
                  <td class="passed not-optional highlight-on-hover text-center">
                    <div class= "highlight-on-hover">‚úì</div>
                    <div class="relative-pos">
                    </div>
                  </td>
                  <td class="passed not-optional highlight-on-hover text-center">
                    <div class= "highlight-on-hover">‚úì</div>
                    <div class="relative-pos">
                    </div>
                  </td>
                  <td class="failed not-optional highlight-on-hover text-center">
                    <div class= "highlight-on-hover">‚ùå</div>
                    <div class="relative-pos">
                      <details class="err hide">
                        <summary>Expected no result from issuer.: expected Response { status: 200, statusText: &#x27;OK&#x27;, headers: Headers { date: &#x27;Sun, 05 Jan 2025 05:09:47 GMT&#x27;, &#x27;content-type&#x27;: &#x27;text/html; charset&#x3D;utf-8&#x27;, &#x27;transfer-encoding&#x27;: &#x27;chunked&#x27;, connection: &#x27;keep-alive&#x27;, &#x27;cache-control&#x27;: &#x27;no-cache,no-store&#x27;, expires: &#x27;-1&#x27;, pragma: &#x27;no-cache&#x27;, &#x27;x-envoy-upstream-service-time&#x27;: &#x27;7&#x27;, &#x27;cf-cache-status&#x27;: &#x27;DYNAMIC&#x27;, &#x27;report-to&#x27;: &#x27;{&quot;endpoints&quot;:[{&quot;url&quot;:&quot;https:\\/\\/a.nel.cloudflare.com\\/report\\/v4?s&#x3D;JbMgXO6FPSRxK9svKVRhwi%2FPyC5GBmULtrNJ6NMDyIFPmgVul4M91QWKzPFfLwH8My48DCVvi%2BxUworjvCa4Ve%2BLUrTLYHLhO%2Fzfv5OYVGZQrhXqGYvyfbBvPVKbjF6Ud68y2BvWFfyESvh%2FSGAu&quot;}],&quot;group&quot;:&quot;cf-nel&quot;,&quot;max_age&quot;:604800}&#x27;, nel: &#x27;{&quot;success_fraction&quot;:0,&quot;report_to&quot;:&quot;cf-nel&quot;,&quot;max_age&quot;:604800}&#x27;, server: &#x27;cloudflare&#x27;, &#x27;cf-ray&#x27;: &#x27;8fd0f54c3b86d630-IAD&#x27;, &#x27;content-encoding&#x27;: &#x27;br&#x27;, &#x27;server-timing&#x27;: &#x27;cfL4;desc&#x3D;&quot;?proto&#x3D;TCP&amp;rtt&#x3D;1454&amp;min_rtt&#x3D;895&amp;rtt_var&#x3D;766&amp;sent&#x3D;19&amp;recv&#x3D;16&amp;lost&#x3D;0&amp;retrans&#x3D;0&amp;sent_bytes&#x3D;16593&amp;recv_bytes&#x3D;4601&amp;delivery_rate&#x3D;4962641&amp;cwnd&#x3D;257&amp;unsent_bytes&#x3D;0&amp;cid&#x3D;f069d7392fcc4fa2&amp;ts&#x3D;249&amp;x&#x3D;0&quot;&#x27;, Authorization: &#x27;** SANITIZED TO PREVENT EXPOSING OF SECRETS ***&#x27; }, body: null, bodyUsed: false, ok: true, redirected: false, type: &#x27;default&#x27;, url: &#x27;&#x27; } to not exist</summary>
                        <pre>AssertionError: Expected no result from issuer.: expected Response { status: 200, statusText: &#x27;OK&#x27;, headers: Headers { date: &#x27;Sun, 05 Jan 2025 05:09:47 GMT&#x27;, &#x27;content-type&#x27;: &#x27;text/html; charset&#x3D;utf-8&#x27;, &#x27;transfer-encoding&#x27;: &#x27;chunked&#x27;, connection: &#x27;keep-alive&#x27;, &#x27;cache-control&#x27;: &#x27;no-cache,no-store&#x27;, expires: &#x27;-1&#x27;, pragma: &#x27;no-cache&#x27;, &#x27;x-envoy-upstream-service-time&#x27;: &#x27;7&#x27;, &#x27;cf-cache-status&#x27;: &#x27;DYNAMIC&#x27;, &#x27;report-to&#x27;: &#x27;{&quot;endpoints&quot;:[{&quot;url&quot;:&quot;https:\\/\\/a.nel.cloudflare.com\\/report\\/v4?s&#x3D;JbMgXO6FPSRxK9svKVRhwi%2FPyC5GBmULtrNJ6NMDyIFPmgVul4M91QWKzPFfLwH8My48DCVvi%2BxUworjvCa4Ve%2BLUrTLYHLhO%2Fzfv5OYVGZQrhXqGYvyfbBvPVKbjF6Ud68y2BvWFfyESvh%2FSGAu&quot;}],&quot;group&quot;:&quot;cf-nel&quot;,&quot;max_age&quot;:604800}&#x27;, nel: &#x27;{&quot;success_fraction&quot;:0,&quot;report_to&quot;:&quot;cf-nel&quot;,&quot;max_age&quot;:604800}&#x27;, server: &#x27;cloudflare&#x27;, &#x27;cf-ray&#x27;: &#x27;8fd0f54c3b86d630-IAD&#x27;, &#x27;content-encoding&#x27;: &#x27;br&#x27;, &#x27;server-timing&#x27;: &#x27;cfL4;desc&#x3D;&quot;?proto&#x3D;TCP&amp;rtt&#x3D;1454&amp;min_rtt&#x3D;895&amp;rtt_var&#x3D;766&amp;sent&#x3D;19&amp;recv&#x3D;16&amp;lost&#x3D;0&amp;retrans&#x3D;0&amp;sent_bytes&#x3D;16593&amp;recv_bytes&#x3D;4601&amp;delivery_rate&#x3D;4962641&amp;cwnd&#x3D;257&amp;unsent_bytes&#x3D;0&amp;cid&#x3D;f069d7392fcc4fa2&amp;ts&#x3D;249&amp;x&#x3D;0&quot;&#x27;, Authorization: &#x27;** SANITIZED TO PREVENT EXPOSING OF SECRETS ***&#x27; }, body: null, bodyUsed: false, ok: true, redirected: false, type: &#x27;default&#x27;, url: &#x27;&#x27; } to not exist
                        at should.not.exist (node_modules/chai/lib/chai/interface/should.js:208:38)
                        at shouldThrowInvalidInput (file:///home/runner/work/vc-api-issuer-test-suite/vc-api-issuer-test-suite/tests/assertions.js:9:14)
                        at Context.&lt;anonymous&gt; (file:///home/runner/work/vc-api-issuer-test-suite/vc-api-issuer-test-suite/tests/10-issuer.js:98:9)
                        at process.processTicksAndRejections (node:internal/process/task_queues:95:5)</pre>
                      </details>
                    </div>
                  </td>
              </tr>
              <tr class="confirmed">
                <!--This is the name of the test-->
                <td class="subtest">
                    &quot;credential.type&quot; MUST be an array.
                </td>
                <!--These contain if the test passed, failed, or was skipped-->
                  <td class="passed not-optional highlight-on-hover text-center">
                    <div class= "highlight-on-hover">‚úì</div>
                    <div class="relative-pos">
                    </div>
                  </td>
                  <td class="failed not-optional highlight-on-hover text-center">
                    <div class= "highlight-on-hover">‚ùå</div>
                    <div class="relative-pos">
                      <details class="err hide">
                        <summary>Expected status code 400 or 422.: expected 404 to be one of [ 400, 422 ]</summary>
                        <pre>AssertionError: Expected status code 400 or 422.: expected 404 to be one of [ 400, 422 ]
                        at shouldThrowInvalidInput (file:///home/runner/work/vc-api-issuer-test-suite/vc-api-issuer-test-suite/tests/assertions.js:14:26)
                        at Context.&lt;anonymous&gt; (file:///home/runner/work/vc-api-issuer-test-suite/vc-api-issuer-test-suite/tests/10-issuer.js:108:9)
                        at process.processTicksAndRejections (node:internal/process/task_queues:95:5)</pre>
                      </details>
                    </div>
                  </td>
                  <td class="passed not-optional highlight-on-hover text-center">
                    <div class= "highlight-on-hover">‚úì</div>
                    <div class="relative-pos">
                    </div>
                  </td>
                  <td class="passed not-optional highlight-on-hover text-center">
                    <div class= "highlight-on-hover">‚úì</div>
                    <div class="relative-pos">
                    </div>
                  </td>
                  <td class="passed not-optional highlight-on-hover text-center">
                    <div class= "highlight-on-hover">‚úì</div>
                    <div class="relative-pos">
                    </div>
                  </td>
                  <td class="passed not-optional highlight-on-hover text-center">
                    <div class= "highlight-on-hover">‚úì</div>
                    <div class="relative-pos">
                    </div>
                  </td>
                  <td class="failed not-optional highlight-on-hover text-center">
                    <div class= "highlight-on-hover">‚ùå</div>
                    <div class="relative-pos">
                      <details class="err hide">
                        <summary>Request failed with status code 401 Unauthorized</summary>
                        <pre>HTTPError: Request failed with status code 401 Unauthorized
                        at fn (file:///home/runner/work/vc-api-issuer-test-suite/vc-api-issuer-test-suite/node_modules/ky/distribution/core/Ky.js:28:29)
                        at process.processTicksAndRejections (node:internal/process/task_queues:95:5)
                        at async _handleResponse (file:///home/runner/work/vc-api-issuer-test-suite/vc-api-issuer-test-suite/node_modules/@digitalbazaar/http-client/lib/httpClient.js:101:16)
                        at async makeHttpsRequest (file:///home/runner/work/vc-api-issuer-test-suite/vc-api-issuer-test-suite/node_modules/vc-test-suite-implementations/lib/requests.js:46:14)
                        at async _requestAccessToken (file:///home/runner/work/vc-api-issuer-test-suite/vc-api-issuer-test-suite/node_modules/vc-test-suite-implementations/lib/oauth2.js:94:41)
                        at async _getNewAccessToken (file:///home/runner/work/vc-api-issuer-test-suite/vc-api-issuer-test-suite/node_modules/vc-test-suite-implementations/lib/oauth2.js:78:9)
                        at async constructOAuthHeader (file:///home/runner/work/vc-api-issuer-test-suite/vc-api-issuer-test-suite/node_modules/vc-test-suite-implementations/lib/oauth2.js:24:25)
                        at async makeHttpsRequest (file:///home/runner/work/vc-api-issuer-test-suite/vc-api-issuer-test-suite/node_modules/vc-test-suite-implementations/lib/requests.js:43:29)
                        at async Context.&lt;anonymous&gt; (file:///home/runner/work/vc-api-issuer-test-suite/vc-api-issuer-test-suite/tests/10-issuer.js:107:33)</pre>
                      </details>
                    </div>
                  </td>
                  <td class="passed not-optional highlight-on-hover text-center">
                    <div class= "highlight-on-hover">‚úì</div>
                    <div class="relative-pos">
                    </div>
                  </td>
                  <td class="passed not-optional highlight-on-hover text-center">
                    <div class= "highlight-on-hover">‚úì</div>
                    <div class="relative-pos">
                    </div>
                  </td>
                  <td class="failed not-optional highlight-on-hover text-center">
                    <div class= "highlight-on-hover">‚ùå</div>
                    <div class="relative-pos">
                      <details class="err hide">
                        <summary>Request failed with status code 403 Forbidden</summary>
                        <pre>HTTPError: Request failed with status code 403 Forbidden
                        at fn (file:///home/runner/work/vc-api-issuer-test-suite/vc-api-issuer-test-suite/node_modules/ky/distribution/core/Ky.js:28:29)
                        at process.processTicksAndRejections (node:internal/process/task_queues:95:5)
                        at async _handleResponse (file:///home/runner/work/vc-api-issuer-test-suite/vc-api-issuer-test-suite/node_modules/@digitalbazaar/http-client/lib/httpClient.js:101:16)
                        at async makeHttpsRequest (file:///home/runner/work/vc-api-issuer-test-suite/vc-api-issuer-test-suite/node_modules/vc-test-suite-implementations/lib/requests.js:46:14)
                        at async _requestAccessToken (file:///home/runner/work/vc-api-issuer-test-suite/vc-api-issuer-test-suite/node_modules/vc-test-suite-implementations/lib/oauth2.js:94:41)
                        at async _getNewAccessToken (file:///home/runner/work/vc-api-issuer-test-suite/vc-api-issuer-test-suite/node_modules/vc-test-suite-implementations/lib/oauth2.js:78:9)
                        at async constructOAuthHeader (file:///home/runner/work/vc-api-issuer-test-suite/vc-api-issuer-test-suite/node_modules/vc-test-suite-implementations/lib/oauth2.js:24:25)
                        at async makeHttpsRequest (file:///home/runner/work/vc-api-issuer-test-suite/vc-api-issuer-test-suite/node_modules/vc-test-suite-implementations/lib/requests.js:43:29)
                        at async Context.&lt;anonymous&gt; (file:///home/runner/work/vc-api-issuer-test-suite/vc-api-issuer-test-suite/tests/10-issuer.js:107:33)</pre>
                      </details>
                    </div>
                  </td>
                  <td class="passed not-optional highlight-on-hover text-center">
                    <div class= "highlight-on-hover">‚úì</div>
                    <div class="relative-pos">
                    </div>
                  </td>
                  <td class="failed not-optional highlight-on-hover text-center">
                    <div class= "highlight-on-hover">‚ùå</div>
                    <div class="relative-pos">
                      <details class="err hide">
                        <summary>Expected an HTTP error response code.: expected undefined to exist</summary>
                        <pre>AssertionError: Expected an HTTP error response code.: expected undefined to exist
                        at should.exist (node_modules/chai/lib/chai/interface/should.js:144:34)
                        at shouldThrowInvalidInput (file:///home/runner/work/vc-api-issuer-test-suite/vc-api-issuer-test-suite/tests/assertions.js:11:10)
                        at Context.&lt;anonymous&gt; (file:///home/runner/work/vc-api-issuer-test-suite/vc-api-issuer-test-suite/tests/10-issuer.js:108:9)
                        at process.processTicksAndRejections (node:internal/process/task_queues:95:5)</pre>
                      </details>
                    </div>
                  </td>
                  <td class="passed not-optional highlight-on-hover text-center">
                    <div class= "highlight-on-hover">‚úì</div>
                    <div class="relative-pos">
                    </div>
                  </td>
                  <td class="passed not-optional highlight-on-hover text-center">
                    <div class= "highlight-on-hover">‚úì</div>
                    <div class="relative-pos">
                    </div>
                  </td>
                  <td class="failed not-optional highlight-on-hover text-center">
                    <div class= "highlight-on-hover">‚ùå</div>
                    <div class="relative-pos">
                      <details class="err hide">
                        <summary>Expected no result from issuer.: expected Response { status: 200, statusText: &#x27;OK&#x27;, headers: Headers { date: &#x27;Sun, 05 Jan 2025 05:09:47 GMT&#x27;, &#x27;content-type&#x27;: &#x27;text/html; charset&#x3D;utf-8&#x27;, &#x27;transfer-encoding&#x27;: &#x27;chunked&#x27;, connection: &#x27;keep-alive&#x27;, &#x27;cache-control&#x27;: &#x27;no-cache,no-store&#x27;, expires: &#x27;-1&#x27;, pragma: &#x27;no-cache&#x27;, &#x27;x-envoy-upstream-service-time&#x27;: &#x27;7&#x27;, &#x27;cf-cache-status&#x27;: &#x27;DYNAMIC&#x27;, &#x27;report-to&#x27;: &#x27;{&quot;endpoints&quot;:[{&quot;url&quot;:&quot;https:\\/\\/a.nel.cloudflare.com\\/report\\/v4?s&#x3D;khEE8IPmKOg81MSqgdEK%2B%2F%2BSOqIZvONB6tj4nWLhb5fekwHosouv3bmN0ZBW9VDuGIMM6jTzBqHoaFASgqNl69GbQ8w8eUlr%2B1v4QRnWOfAHpQoSEx5yMeDBPeK5YMv1J9LWRZz%2Fy%2F47n05Fannp&quot;}],&quot;group&quot;:&quot;cf-nel&quot;,&quot;max_age&quot;:604800}&#x27;, nel: &#x27;{&quot;success_fraction&quot;:0,&quot;report_to&quot;:&quot;cf-nel&quot;,&quot;max_age&quot;:604800}&#x27;, server: &#x27;cloudflare&#x27;, &#x27;cf-ray&#x27;: &#x27;8fd0f54c5bd2d630-IAD&#x27;, &#x27;content-encoding&#x27;: &#x27;br&#x27;, &#x27;server-timing&#x27;: &#x27;cfL4;desc&#x3D;&quot;?proto&#x3D;TCP&amp;rtt&#x3D;1612&amp;min_rtt&#x3D;895&amp;rtt_var&#x3D;914&amp;sent&#x3D;22&amp;recv&#x3D;18&amp;lost&#x3D;0&amp;retrans&#x3D;0&amp;sent_bytes&#x3D;19324&amp;recv_bytes&#x3D;5289&amp;delivery_rate&#x3D;4962641&amp;cwnd&#x3D;257&amp;unsent_bytes&#x3D;0&amp;cid&#x3D;f069d7392fcc4fa2&amp;ts&#x3D;273&amp;x&#x3D;0&quot;&#x27;, Authorization: &#x27;** SANITIZED TO PREVENT EXPOSING OF SECRETS ***&#x27; }, body: null, bodyUsed: false, ok: true, redirected: false, type: &#x27;default&#x27;, url: &#x27;&#x27; } to not exist</summary>
                        <pre>AssertionError: Expected no result from issuer.: expected Response { status: 200, statusText: &#x27;OK&#x27;, headers: Headers { date: &#x27;Sun, 05 Jan 2025 05:09:47 GMT&#x27;, &#x27;content-type&#x27;: &#x27;text/html; charset&#x3D;utf-8&#x27;, &#x27;transfer-encoding&#x27;: &#x27;chunked&#x27;, connection: &#x27;keep-alive&#x27;, &#x27;cache-control&#x27;: &#x27;no-cache,no-store&#x27;, expires: &#x27;-1&#x27;, pragma: &#x27;no-cache&#x27;, &#x27;x-envoy-upstream-service-time&#x27;: &#x27;7&#x27;, &#x27;cf-cache-status&#x27;: &#x27;DYNAMIC&#x27;, &#x27;report-to&#x27;: &#x27;{&quot;endpoints&quot;:[{&quot;url&quot;:&quot;https:\\/\\/a.nel.cloudflare.com\\/report\\/v4?s&#x3D;khEE8IPmKOg81MSqgdEK%2B%2F%2BSOqIZvONB6tj4nWLhb5fekwHosouv3bmN0ZBW9VDuGIMM6jTzBqHoaFASgqNl69GbQ8w8eUlr%2B1v4QRnWOfAHpQoSEx5yMeDBPeK5YMv1J9LWRZz%2Fy%2F47n05Fannp&quot;}],&quot;group&quot;:&quot;cf-nel&quot;,&quot;max_age&quot;:604800}&#x27;, nel: &#x27;{&quot;success_fraction&quot;:0,&quot;report_to&quot;:&quot;cf-nel&quot;,&quot;max_age&quot;:604800}&#x27;, server: &#x27;cloudflare&#x27;, &#x27;cf-ray&#x27;: &#x27;8fd0f54c5bd2d630-IAD&#x27;, &#x27;content-encoding&#x27;: &#x27;br&#x27;, &#x27;server-timing&#x27;: &#x27;cfL4;desc&#x3D;&quot;?proto&#x3D;TCP&amp;rtt&#x3D;1612&amp;min_rtt&#x3D;895&amp;rtt_var&#x3D;914&amp;sent&#x3D;22&amp;recv&#x3D;18&amp;lost&#x3D;0&amp;retrans&#x3D;0&amp;sent_bytes&#x3D;19324&amp;recv_bytes&#x3D;5289&amp;delivery_rate&#x3D;4962641&amp;cwnd&#x3D;257&amp;unsent_bytes&#x3D;0&amp;cid&#x3D;f069d7392fcc4fa2&amp;ts&#x3D;273&amp;x&#x3D;0&quot;&#x27;, Authorization: &#x27;** SANITIZED TO PREVENT EXPOSING OF SECRETS ***&#x27; }, body: null, bodyUsed: false, ok: true, redirected: false, type: &#x27;default&#x27;, url: &#x27;&#x27; } to not exist
                        at should.not.exist (node_modules/chai/lib/chai/interface/should.js:208:38)
                        at shouldThrowInvalidInput (file:///home/runner/work/vc-api-issuer-test-suite/vc-api-issuer-test-suite/tests/assertions.js:9:14)
                        at Context.&lt;anonymous&gt; (file:///home/runner/work/vc-api-issuer-test-suite/vc-api-issuer-test-suite/tests/10-issuer.js:108:9)
                        at process.processTicksAndRejections (node:internal/process/task_queues:95:5)</pre>
                      </details>
                    </div>
                  </td>
              </tr>
              <tr class="confirmed">
                <!--This is the name of the test-->
                <td class="subtest">
                    &quot;credential.type&quot; items MUST be strings
                </td>
                <!--These contain if the test passed, failed, or was skipped-->
                  <td class="passed not-optional highlight-on-hover text-center">
                    <div class= "highlight-on-hover">‚úì</div>
                    <div class="relative-pos">
                    </div>
                  </td>
                  <td class="failed not-optional highlight-on-hover text-center">
                    <div class= "highlight-on-hover">‚ùå</div>
                    <div class="relative-pos">
                      <details class="err hide">
                        <summary>Expected status code 400 or 422.: expected 404 to be one of [ 400, 422 ]</summary>
                        <pre>AssertionError: Expected status code 400 or 422.: expected 404 to be one of [ 400, 422 ]
                        at shouldThrowInvalidInput (file:///home/runner/work/vc-api-issuer-test-suite/vc-api-issuer-test-suite/tests/assertions.js:14:26)
                        at Context.&lt;anonymous&gt; (file:///home/runner/work/vc-api-issuer-test-suite/vc-api-issuer-test-suite/tests/10-issuer.js:120:11)
                        at process.processTicksAndRejections (node:internal/process/task_queues:95:5)</pre>
                      </details>
                    </div>
                  </td>
                  <td class="passed not-optional highlight-on-hover text-center">
                    <div class= "highlight-on-hover">‚úì</div>
                    <div class="relative-pos">
                    </div>
                  </td>
                  <td class="passed not-optional highlight-on-hover text-center">
                    <div class= "highlight-on-hover">‚úì</div>
                    <div class="relative-pos">
                    </div>
                  </td>
                  <td class="passed not-optional highlight-on-hover text-center">
                    <div class= "highlight-on-hover">‚úì</div>
                    <div class="relative-pos">
                    </div>
                  </td>
                  <td class="passed not-optional highlight-on-hover text-center">
                    <div class= "highlight-on-hover">‚úì</div>
                    <div class="relative-pos">
                    </div>
                  </td>
                  <td class="failed not-optional highlight-on-hover text-center">
                    <div class= "highlight-on-hover">‚ùå</div>
                    <div class="relative-pos">
                      <details class="err hide">
                        <summary>Request failed with status code 401 Unauthorized</summary>
                        <pre>HTTPError: Request failed with status code 401 Unauthorized
                        at fn (file:///home/runner/work/vc-api-issuer-test-suite/vc-api-issuer-test-suite/node_modules/ky/distribution/core/Ky.js:28:29)
                        at process.processTicksAndRejections (node:internal/process/task_queues:95:5)
                        at async _handleResponse (file:///home/runner/work/vc-api-issuer-test-suite/vc-api-issuer-test-suite/node_modules/@digitalbazaar/http-client/lib/httpClient.js:101:16)
                        at async makeHttpsRequest (file:///home/runner/work/vc-api-issuer-test-suite/vc-api-issuer-test-suite/node_modules/vc-test-suite-implementations/lib/requests.js:46:14)
                        at async _requestAccessToken (file:///home/runner/work/vc-api-issuer-test-suite/vc-api-issuer-test-suite/node_modules/vc-test-suite-implementations/lib/oauth2.js:94:41)
                        at async _getNewAccessToken (file:///home/runner/work/vc-api-issuer-test-suite/vc-api-issuer-test-suite/node_modules/vc-test-suite-implementations/lib/oauth2.js:78:9)
                        at async constructOAuthHeader (file:///home/runner/work/vc-api-issuer-test-suite/vc-api-issuer-test-suite/node_modules/vc-test-suite-implementations/lib/oauth2.js:24:25)
                        at async makeHttpsRequest (file:///home/runner/work/vc-api-issuer-test-suite/vc-api-issuer-test-suite/node_modules/vc-test-suite-implementations/lib/requests.js:43:29)
                        at async Context.&lt;anonymous&gt; (file:///home/runner/work/vc-api-issuer-test-suite/vc-api-issuer-test-suite/tests/10-issuer.js:119:35)</pre>
                      </details>
                    </div>
                  </td>
                  <td class="passed not-optional highlight-on-hover text-center">
                    <div class= "highlight-on-hover">‚úì</div>
                    <div class="relative-pos">
                    </div>
                  </td>
                  <td class="passed not-optional highlight-on-hover text-center">
                    <div class= "highlight-on-hover">‚úì</div>
                    <div class="relative-pos">
                    </div>
                  </td>
                  <td class="failed not-optional highlight-on-hover text-center">
                    <div class= "highlight-on-hover">‚ùå</div>
                    <div class="relative-pos">
                      <details class="err hide">
                        <summary>Request failed with status code 403 Forbidden</summary>
                        <pre>HTTPError: Request failed with status code 403 Forbidden
                        at fn (file:///home/runner/work/vc-api-issuer-test-suite/vc-api-issuer-test-suite/node_modules/ky/distribution/core/Ky.js:28:29)
                        at process.processTicksAndRejections (node:internal/process/task_queues:95:5)
                        at async _handleResponse (file:///home/runner/work/vc-api-issuer-test-suite/vc-api-issuer-test-suite/node_modules/@digitalbazaar/http-client/lib/httpClient.js:101:16)
                        at async makeHttpsRequest (file:///home/runner/work/vc-api-issuer-test-suite/vc-api-issuer-test-suite/node_modules/vc-test-suite-implementations/lib/requests.js:46:14)
                        at async _requestAccessToken (file:///home/runner/work/vc-api-issuer-test-suite/vc-api-issuer-test-suite/node_modules/vc-test-suite-implementations/lib/oauth2.js:94:41)
                        at async _getNewAccessToken (file:///home/runner/work/vc-api-issuer-test-suite/vc-api-issuer-test-suite/node_modules/vc-test-suite-implementations/lib/oauth2.js:78:9)
                        at async constructOAuthHeader (file:///home/runner/work/vc-api-issuer-test-suite/vc-api-issuer-test-suite/node_modules/vc-test-suite-implementations/lib/oauth2.js:24:25)
                        at async makeHttpsRequest (file:///home/runner/work/vc-api-issuer-test-suite/vc-api-issuer-test-suite/node_modules/vc-test-suite-implementations/lib/requests.js:43:29)
                        at async Context.&lt;anonymous&gt; (file:///home/runner/work/vc-api-issuer-test-suite/vc-api-issuer-test-suite/tests/10-issuer.js:119:35)</pre>
                      </details>
                    </div>
                  </td>
                  <td class="passed not-optional highlight-on-hover text-center">
                    <div class= "highlight-on-hover">‚úì</div>
                    <div class="relative-pos">
                    </div>
                  </td>
                  <td class="failed not-optional highlight-on-hover text-center">
                    <div class= "highlight-on-hover">‚ùå</div>
                    <div class="relative-pos">
                      <details class="err hide">
                        <summary>Expected an HTTP error response code.: expected undefined to exist</summary>
                        <pre>AssertionError: Expected an HTTP error response code.: expected undefined to exist
                        at should.exist (node_modules/chai/lib/chai/interface/should.js:144:34)
                        at shouldThrowInvalidInput (file:///home/runner/work/vc-api-issuer-test-suite/vc-api-issuer-test-suite/tests/assertions.js:11:10)
                        at Context.&lt;anonymous&gt; (file:///home/runner/work/vc-api-issuer-test-suite/vc-api-issuer-test-suite/tests/10-issuer.js:120:11)
                        at process.processTicksAndRejections (node:internal/process/task_queues:95:5)</pre>
                      </details>
                    </div>
                  </td>
                  <td class="passed not-optional highlight-on-hover text-center">
                    <div class= "highlight-on-hover">‚úì</div>
                    <div class="relative-pos">
                    </div>
                  </td>
                  <td class="passed not-optional highlight-on-hover text-center">
                    <div class= "highlight-on-hover">‚úì</div>
                    <div class="relative-pos">
                    </div>
                  </td>
                  <td class="failed not-optional highlight-on-hover text-center">
                    <div class= "highlight-on-hover">‚ùå</div>
                    <div class="relative-pos">
                      <details class="err hide">
                        <summary>Expected no result from issuer.: expected Response { status: 200, statusText: &#x27;OK&#x27;, headers: Headers { date: &#x27;Sun, 05 Jan 2025 05:09:47 GMT&#x27;, &#x27;content-type&#x27;: &#x27;text/html; charset&#x3D;utf-8&#x27;, &#x27;transfer-encoding&#x27;: &#x27;chunked&#x27;, connection: &#x27;keep-alive&#x27;, &#x27;cache-control&#x27;: &#x27;no-cache,no-store&#x27;, expires: &#x27;-1&#x27;, pragma: &#x27;no-cache&#x27;, &#x27;x-envoy-upstream-service-time&#x27;: &#x27;7&#x27;, &#x27;cf-cache-status&#x27;: &#x27;DYNAMIC&#x27;, &#x27;report-to&#x27;: &#x27;{&quot;endpoints&quot;:[{&quot;url&quot;:&quot;https:\\/\\/a.nel.cloudflare.com\\/report\\/v4?s&#x3D;MoeZ8w9KvEx1LB%2FjKISqGiftUUtXwOzas4BW%2F7oU8WZlUaH5hJZMzDjts1gPn75BsPhGR0BXhAM%2B%2BQvdl3U5EKPh9enMPu%2FoZWd5kqJEaffZwFbEtJpC2khu8FXVKqCNX8RlZ97Te2%2FUgeft12zY&quot;}],&quot;group&quot;:&quot;cf-nel&quot;,&quot;max_age&quot;:604800}&#x27;, nel: &#x27;{&quot;success_fraction&quot;:0,&quot;report_to&quot;:&quot;cf-nel&quot;,&quot;max_age&quot;:604800}&#x27;, server: &#x27;cloudflare&#x27;, &#x27;cf-ray&#x27;: &#x27;8fd0f54c7c21d630-IAD&#x27;, &#x27;content-encoding&#x27;: &#x27;br&#x27;, &#x27;server-timing&#x27;: &#x27;cfL4;desc&#x3D;&quot;?proto&#x3D;TCP&amp;rtt&#x3D;1721&amp;min_rtt&#x3D;895&amp;rtt_var&#x3D;998&amp;sent&#x3D;25&amp;recv&#x3D;20&amp;lost&#x3D;0&amp;retrans&#x3D;0&amp;sent_bytes&#x3D;22057&amp;recv_bytes&#x3D;5980&amp;delivery_rate&#x3D;4962641&amp;cwnd&#x3D;257&amp;unsent_bytes&#x3D;0&amp;cid&#x3D;f069d7392fcc4fa2&amp;ts&#x3D;295&amp;x&#x3D;0&quot;&#x27;, Authorization: &#x27;** SANITIZED TO PREVENT EXPOSING OF SECRETS ***&#x27; }, body: null, bodyUsed: false, ok: true, redirected: false, type: &#x27;default&#x27;, url: &#x27;&#x27; } to not exist</summary>
                        <pre>AssertionError: Expected no result from issuer.: expected Response { status: 200, statusText: &#x27;OK&#x27;, headers: Headers { date: &#x27;Sun, 05 Jan 2025 05:09:47 GMT&#x27;, &#x27;content-type&#x27;: &#x27;text/html; charset&#x3D;utf-8&#x27;, &#x27;transfer-encoding&#x27;: &#x27;chunked&#x27;, connection: &#x27;keep-alive&#x27;, &#x27;cache-control&#x27;: &#x27;no-cache,no-store&#x27;, expires: &#x27;-1&#x27;, pragma: &#x27;no-cache&#x27;, &#x27;x-envoy-upstream-service-time&#x27;: &#x27;7&#x27;, &#x27;cf-cache-status&#x27;: &#x27;DYNAMIC&#x27;, &#x27;report-to&#x27;: &#x27;{&quot;endpoints&quot;:[{&quot;url&quot;:&quot;https:\\/\\/a.nel.cloudflare.com\\/report\\/v4?s&#x3D;MoeZ8w9KvEx1LB%2FjKISqGiftUUtXwOzas4BW%2F7oU8WZlUaH5hJZMzDjts1gPn75BsPhGR0BXhAM%2B%2BQvdl3U5EKPh9enMPu%2FoZWd5kqJEaffZwFbEtJpC2khu8FXVKqCNX8RlZ97Te2%2FUgeft12zY&quot;}],&quot;group&quot;:&quot;cf-nel&quot;,&quot;max_age&quot;:604800}&#x27;, nel: &#x27;{&quot;success_fraction&quot;:0,&quot;report_to&quot;:&quot;cf-nel&quot;,&quot;max_age&quot;:604800}&#x27;, server: &#x27;cloudflare&#x27;, &#x27;cf-ray&#x27;: &#x27;8fd0f54c7c21d630-IAD&#x27;, &#x27;content-encoding&#x27;: &#x27;br&#x27;, &#x27;server-timing&#x27;: &#x27;cfL4;desc&#x3D;&quot;?proto&#x3D;TCP&amp;rtt&#x3D;1721&amp;min_rtt&#x3D;895&amp;rtt_var&#x3D;998&amp;sent&#x3D;25&amp;recv&#x3D;20&amp;lost&#x3D;0&amp;retrans&#x3D;0&amp;sent_bytes&#x3D;22057&amp;recv_bytes&#x3D;5980&amp;delivery_rate&#x3D;4962641&amp;cwnd&#x3D;257&amp;unsent_bytes&#x3D;0&amp;cid&#x3D;f069d7392fcc4fa2&amp;ts&#x3D;295&amp;x&#x3D;0&quot;&#x27;, Authorization: &#x27;** SANITIZED TO PREVENT EXPOSING OF SECRETS ***&#x27; }, body: null, bodyUsed: false, ok: true, redirected: false, type: &#x27;default&#x27;, url: &#x27;&#x27; } to not exist
                        at should.not.exist (node_modules/chai/lib/chai/interface/should.js:208:38)
                        at shouldThrowInvalidInput (file:///home/runner/work/vc-api-issuer-test-suite/vc-api-issuer-test-suite/tests/assertions.js:9:14)
                        at Context.&lt;anonymous&gt; (file:///home/runner/work/vc-api-issuer-test-suite/vc-api-issuer-test-suite/tests/10-issuer.js:120:11)
                        at process.processTicksAndRejections (node:internal/process/task_queues:95:5)</pre>
                      </details>
                    </div>
                  </td>
              </tr>
              <tr class="confirmed">
                <!--This is the name of the test-->
                <td class="subtest">
                    credential MUST have property &quot;issuer&quot;
                </td>
                <!--These contain if the test passed, failed, or was skipped-->
                  <td class="passed not-optional highlight-on-hover text-center">
                    <div class= "highlight-on-hover">‚úì</div>
                    <div class="relative-pos">
                    </div>
                  </td>
                  <td class="failed not-optional highlight-on-hover text-center">
                    <div class= "highlight-on-hover">‚ùå</div>
                    <div class="relative-pos">
                      <details class="err hide">
                        <summary>Expected status code 400 or 422.: expected 404 to be one of [ 400, 422 ]</summary>
                        <pre>AssertionError: Expected status code 400 or 422.: expected 404 to be one of [ 400, 422 ]
                        at shouldThrowInvalidInput (file:///home/runner/work/vc-api-issuer-test-suite/vc-api-issuer-test-suite/tests/assertions.js:14:26)
                        at Context.&lt;anonymous&gt; (file:///home/runner/work/vc-api-issuer-test-suite/vc-api-issuer-test-suite/tests/10-issuer.js:131:9)
                        at process.processTicksAndRejections (node:internal/process/task_queues:95:5)</pre>
                      </details>
                    </div>
                  </td>
                  <td class="passed not-optional highlight-on-hover text-center">
                    <div class= "highlight-on-hover">‚úì</div>
                    <div class="relative-pos">
                    </div>
                  </td>
                  <td class="failed not-optional highlight-on-hover text-center">
                    <div class= "highlight-on-hover">‚ùå</div>
                    <div class="relative-pos">
                      <details class="err hide">
                        <summary>Expected no result from issuer.: expected Response { status: 201, statusText: &#x27;Created&#x27;, headers: Headers { &#x27;cache-control&#x27;: &#x27;no-cache, no-store, must-revalidate&#x27;, pragma: &#x27;no-cache&#x27;, expires: &#x27;0&#x27;, vary: &#x27;X-HTTP-Method-Override, Accept-Encoding&#x27;, &#x27;access-control-allow-origin&#x27;: &#x27;*&#x27;, &#x27;content-type&#x27;: &#x27;application/json; charset&#x3D;utf-8&#x27;, etag: &#x27;W/&quot;2ec-cL3BfIpN6l4oCPs2OnHhYpQT60I&quot;&#x27;, &#x27;x-cloud-trace-context&#x27;: &#x27;6ef7691405a946a72f9176e22fa65f1b&#x27;, date: &#x27;Sun, 05 Jan 2025 05:09:25 GMT&#x27;, server: &#x27;Google Frontend&#x27;, &#x27;content-length&#x27;: &#x27;748&#x27;, via: &#x27;1.1 google&#x27;, &#x27;alt-svc&#x27;: &#x27;h3&#x3D;&quot;:443&quot;; ma&#x3D;2592000,h3-29&#x3D;&quot;:443&quot;; ma&#x3D;2592000&#x27;, Authorization: &#x27;** SANITIZED TO PREVENT EXPOSING OF SECRETS ***&#x27; }, body: ReadableStream { locked: false, state: &#x27;readable&#x27;, supportsBYOB: true }, bodyUsed: false, ok: true, redirected: false, type: &#x27;default&#x27;, url: &#x27;&#x27; } to not exist</summary>
                        <pre>AssertionError: Expected no result from issuer.: expected Response { status: 201, statusText: &#x27;Created&#x27;, headers: Headers { &#x27;cache-control&#x27;: &#x27;no-cache, no-store, must-revalidate&#x27;, pragma: &#x27;no-cache&#x27;, expires: &#x27;0&#x27;, vary: &#x27;X-HTTP-Method-Override, Accept-Encoding&#x27;, &#x27;access-control-allow-origin&#x27;: &#x27;*&#x27;, &#x27;content-type&#x27;: &#x27;application/json; charset&#x3D;utf-8&#x27;, etag: &#x27;W/&quot;2ec-cL3BfIpN6l4oCPs2OnHhYpQT60I&quot;&#x27;, &#x27;x-cloud-trace-context&#x27;: &#x27;6ef7691405a946a72f9176e22fa65f1b&#x27;, date: &#x27;Sun, 05 Jan 2025 05:09:25 GMT&#x27;, server: &#x27;Google Frontend&#x27;, &#x27;content-length&#x27;: &#x27;748&#x27;, via: &#x27;1.1 google&#x27;, &#x27;alt-svc&#x27;: &#x27;h3&#x3D;&quot;:443&quot;; ma&#x3D;2592000,h3-29&#x3D;&quot;:443&quot;; ma&#x3D;2592000&#x27;, Authorization: &#x27;** SANITIZED TO PREVENT EXPOSING OF SECRETS ***&#x27; }, body: ReadableStream { locked: false, state: &#x27;readable&#x27;, supportsBYOB: true }, bodyUsed: false, ok: true, redirected: false, type: &#x27;default&#x27;, url: &#x27;&#x27; } to not exist
                        at should.not.exist (node_modules/chai/lib/chai/interface/should.js:208:38)
                        at shouldThrowInvalidInput (file:///home/runner/work/vc-api-issuer-test-suite/vc-api-issuer-test-suite/tests/assertions.js:9:14)
                        at Context.&lt;anonymous&gt; (file:///home/runner/work/vc-api-issuer-test-suite/vc-api-issuer-test-suite/tests/10-issuer.js:131:9)
                        at process.processTicksAndRejections (node:internal/process/task_queues:95:5)</pre>
                      </details>
                    </div>
                  </td>
                  <td class="passed not-optional highlight-on-hover text-center">
                    <div class= "highlight-on-hover">‚úì</div>
                    <div class="relative-pos">
                    </div>
                  </td>
                  <td class="passed not-optional highlight-on-hover text-center">
                    <div class= "highlight-on-hover">‚úì</div>
                    <div class="relative-pos">
                    </div>
                  </td>
                  <td class="failed not-optional highlight-on-hover text-center">
                    <div class= "highlight-on-hover">‚ùå</div>
                    <div class="relative-pos">
                      <details class="err hide">
                        <summary>Request failed with status code 401 Unauthorized</summary>
                        <pre>HTTPError: Request failed with status code 401 Unauthorized
                        at fn (file:///home/runner/work/vc-api-issuer-test-suite/vc-api-issuer-test-suite/node_modules/ky/distribution/core/Ky.js:28:29)
                        at process.processTicksAndRejections (node:internal/process/task_queues:95:5)
                        at async _handleResponse (file:///home/runner/work/vc-api-issuer-test-suite/vc-api-issuer-test-suite/node_modules/@digitalbazaar/http-client/lib/httpClient.js:101:16)
                        at async makeHttpsRequest (file:///home/runner/work/vc-api-issuer-test-suite/vc-api-issuer-test-suite/node_modules/vc-test-suite-implementations/lib/requests.js:46:14)
                        at async _requestAccessToken (file:///home/runner/work/vc-api-issuer-test-suite/vc-api-issuer-test-suite/node_modules/vc-test-suite-implementations/lib/oauth2.js:94:41)
                        at async _getNewAccessToken (file:///home/runner/work/vc-api-issuer-test-suite/vc-api-issuer-test-suite/node_modules/vc-test-suite-implementations/lib/oauth2.js:78:9)
                        at async constructOAuthHeader (file:///home/runner/work/vc-api-issuer-test-suite/vc-api-issuer-test-suite/node_modules/vc-test-suite-implementations/lib/oauth2.js:24:25)
                        at async makeHttpsRequest (file:///home/runner/work/vc-api-issuer-test-suite/vc-api-issuer-test-suite/node_modules/vc-test-suite-implementations/lib/requests.js:43:29)
                        at async Context.&lt;anonymous&gt; (file:///home/runner/work/vc-api-issuer-test-suite/vc-api-issuer-test-suite/tests/10-issuer.js:130:33)</pre>
                      </details>
                    </div>
                  </td>
                  <td class="passed not-optional highlight-on-hover text-center">
                    <div class= "highlight-on-hover">‚úì</div>
                    <div class="relative-pos">
                    </div>
                  </td>
                  <td class="passed not-optional highlight-on-hover text-center">
                    <div class= "highlight-on-hover">‚úì</div>
                    <div class="relative-pos">
                    </div>
                  </td>
                  <td class="failed not-optional highlight-on-hover text-center">
                    <div class= "highlight-on-hover">‚ùå</div>
                    <div class="relative-pos">
                      <details class="err hide">
                        <summary>Request failed with status code 403 Forbidden</summary>
                        <pre>HTTPError: Request failed with status code 403 Forbidden
                        at fn (file:///home/runner/work/vc-api-issuer-test-suite/vc-api-issuer-test-suite/node_modules/ky/distribution/core/Ky.js:28:29)
                        at process.processTicksAndRejections (node:internal/process/task_queues:95:5)
                        at async _handleResponse (file:///home/runner/work/vc-api-issuer-test-suite/vc-api-issuer-test-suite/node_modules/@digitalbazaar/http-client/lib/httpClient.js:101:16)
                        at async makeHttpsRequest (file:///home/runner/work/vc-api-issuer-test-suite/vc-api-issuer-test-suite/node_modules/vc-test-suite-implementations/lib/requests.js:46:14)
                        at async _requestAccessToken (file:///home/runner/work/vc-api-issuer-test-suite/vc-api-issuer-test-suite/node_modules/vc-test-suite-implementations/lib/oauth2.js:94:41)
                        at async _getNewAccessToken (file:///home/runner/work/vc-api-issuer-test-suite/vc-api-issuer-test-suite/node_modules/vc-test-suite-implementations/lib/oauth2.js:78:9)
                        at async constructOAuthHeader (file:///home/runner/work/vc-api-issuer-test-suite/vc-api-issuer-test-suite/node_modules/vc-test-suite-implementations/lib/oauth2.js:24:25)
                        at async makeHttpsRequest (file:///home/runner/work/vc-api-issuer-test-suite/vc-api-issuer-test-suite/node_modules/vc-test-suite-implementations/lib/requests.js:43:29)
                        at async Context.&lt;anonymous&gt; (file:///home/runner/work/vc-api-issuer-test-suite/vc-api-issuer-test-suite/tests/10-issuer.js:130:33)</pre>
                      </details>
                    </div>
                  </td>
                  <td class="passed not-optional highlight-on-hover text-center">
                    <div class= "highlight-on-hover">‚úì</div>
                    <div class="relative-pos">
                    </div>
                  </td>
                  <td class="failed not-optional highlight-on-hover text-center">
                    <div class= "highlight-on-hover">‚ùå</div>
                    <div class="relative-pos">
                      <details class="err hide">
                        <summary>Expected an HTTP error response code.: expected undefined to exist</summary>
                        <pre>AssertionError: Expected an HTTP error response code.: expected undefined to exist
                        at should.exist (node_modules/chai/lib/chai/interface/should.js:144:34)
                        at shouldThrowInvalidInput (file:///home/runner/work/vc-api-issuer-test-suite/vc-api-issuer-test-suite/tests/assertions.js:11:10)
                        at Context.&lt;anonymous&gt; (file:///home/runner/work/vc-api-issuer-test-suite/vc-api-issuer-test-suite/tests/10-issuer.js:131:9)
                        at process.processTicksAndRejections (node:internal/process/task_queues:95:5)</pre>
                      </details>
                    </div>
                  </td>
                  <td class="passed not-optional highlight-on-hover text-center">
                    <div class= "highlight-on-hover">‚úì</div>
                    <div class="relative-pos">
                    </div>
                  </td>
                  <td class="passed not-optional highlight-on-hover text-center">
                    <div class= "highlight-on-hover">‚úì</div>
                    <div class="relative-pos">
                    </div>
                  </td>
                  <td class="failed not-optional highlight-on-hover text-center">
                    <div class= "highlight-on-hover">‚ùå</div>
                    <div class="relative-pos">
                      <details class="err hide">
                        <summary>Expected no result from issuer.: expected Response { status: 200, statusText: &#x27;OK&#x27;, headers: Headers { date: &#x27;Sun, 05 Jan 2025 05:09:47 GMT&#x27;, &#x27;content-type&#x27;: &#x27;text/html; charset&#x3D;utf-8&#x27;, &#x27;transfer-encoding&#x27;: &#x27;chunked&#x27;, connection: &#x27;keep-alive&#x27;, &#x27;cache-control&#x27;: &#x27;no-cache,no-store&#x27;, expires: &#x27;-1&#x27;, pragma: &#x27;no-cache&#x27;, &#x27;x-envoy-upstream-service-time&#x27;: &#x27;7&#x27;, &#x27;cf-cache-status&#x27;: &#x27;DYNAMIC&#x27;, &#x27;report-to&#x27;: &#x27;{&quot;endpoints&quot;:[{&quot;url&quot;:&quot;https:\\/\\/a.nel.cloudflare.com\\/report\\/v4?s&#x3D;qLPOb4jsE0v8Ad6%2BvkxIYPIqCU0QTpLkpUulK%2FkPil8H3EPqPk5bnGuLjD4XFHcyNAcSsmGIoyaW0JPoHle2qC%2Bvg6uMg3c4fiNjombDAgc3uGxll0RULbvnppiqaFdzNuPDtoGTqYrt%2BVTls4zr&quot;}],&quot;group&quot;:&quot;cf-nel&quot;,&quot;max_age&quot;:604800}&#x27;, nel: &#x27;{&quot;success_fraction&quot;:0,&quot;report_to&quot;:&quot;cf-nel&quot;,&quot;max_age&quot;:604800}&#x27;, server: &#x27;cloudflare&#x27;, &#x27;cf-ray&#x27;: &#x27;8fd0f54c9c63d630-IAD&#x27;, &#x27;content-encoding&#x27;: &#x27;br&#x27;, &#x27;server-timing&#x27;: &#x27;cfL4;desc&#x3D;&quot;?proto&#x3D;TCP&amp;rtt&#x3D;1792&amp;min_rtt&#x3D;895&amp;rtt_var&#x3D;1022&amp;sent&#x3D;28&amp;recv&#x3D;22&amp;lost&#x3D;0&amp;retrans&#x3D;0&amp;sent_bytes&#x3D;24790&amp;recv_bytes&#x3D;6623&amp;delivery_rate&#x3D;4962641&amp;cwnd&#x3D;257&amp;unsent_bytes&#x3D;0&amp;cid&#x3D;f069d7392fcc4fa2&amp;ts&#x3D;317&amp;x&#x3D;0&quot;&#x27;, Authorization: &#x27;** SANITIZED TO PREVENT EXPOSING OF SECRETS ***&#x27; }, body: null, bodyUsed: false, ok: true, redirected: false, type: &#x27;default&#x27;, url: &#x27;&#x27; } to not exist</summary>
                        <pre>AssertionError: Expected no result from issuer.: expected Response { status: 200, statusText: &#x27;OK&#x27;, headers: Headers { date: &#x27;Sun, 05 Jan 2025 05:09:47 GMT&#x27;, &#x27;content-type&#x27;: &#x27;text/html; charset&#x3D;utf-8&#x27;, &#x27;transfer-encoding&#x27;: &#x27;chunked&#x27;, connection: &#x27;keep-alive&#x27;, &#x27;cache-control&#x27;: &#x27;no-cache,no-store&#x27;, expires: &#x27;-1&#x27;, pragma: &#x27;no-cache&#x27;, &#x27;x-envoy-upstream-service-time&#x27;: &#x27;7&#x27;, &#x27;cf-cache-status&#x27;: &#x27;DYNAMIC&#x27;, &#x27;report-to&#x27;: &#x27;{&quot;endpoints&quot;:[{&quot;url&quot;:&quot;https:\\/\\/a.nel.cloudflare.com\\/report\\/v4?s&#x3D;qLPOb4jsE0v8Ad6%2BvkxIYPIqCU0QTpLkpUulK%2FkPil8H3EPqPk5bnGuLjD4XFHcyNAcSsmGIoyaW0JPoHle2qC%2Bvg6uMg3c4fiNjombDAgc3uGxll0RULbvnppiqaFdzNuPDtoGTqYrt%2BVTls4zr&quot;}],&quot;group&quot;:&quot;cf-nel&quot;,&quot;max_age&quot;:604800}&#x27;, nel: &#x27;{&quot;success_fraction&quot;:0,&quot;report_to&quot;:&quot;cf-nel&quot;,&quot;max_age&quot;:604800}&#x27;, server: &#x27;cloudflare&#x27;, &#x27;cf-ray&#x27;: &#x27;8fd0f54c9c63d630-IAD&#x27;, &#x27;content-encoding&#x27;: &#x27;br&#x27;, &#x27;server-timing&#x27;: &#x27;cfL4;desc&#x3D;&quot;?proto&#x3D;TCP&amp;rtt&#x3D;1792&amp;min_rtt&#x3D;895&amp;rtt_var&#x3D;1022&amp;sent&#x3D;28&amp;recv&#x3D;22&amp;lost&#x3D;0&amp;retrans&#x3D;0&amp;sent_bytes&#x3D;24790&amp;recv_bytes&#x3D;6623&amp;delivery_rate&#x3D;4962641&amp;cwnd&#x3D;257&amp;unsent_bytes&#x3D;0&amp;cid&#x3D;f069d7392fcc4fa2&amp;ts&#x3D;317&amp;x&#x3D;0&quot;&#x27;, Authorization: &#x27;** SANITIZED TO PREVENT EXPOSING OF SECRETS ***&#x27; }, body: null, bodyUsed: false, ok: true, redirected: false, type: &#x27;default&#x27;, url: &#x27;&#x27; } to not exist
                        at should.not.exist (node_modules/chai/lib/chai/interface/should.js:208:38)
                        at shouldThrowInvalidInput (file:///home/runner/work/vc-api-issuer-test-suite/vc-api-issuer-test-suite/tests/assertions.js:9:14)
                        at Context.&lt;anonymous&gt; (file:///home/runner/work/vc-api-issuer-test-suite/vc-api-issuer-test-suite/tests/10-issuer.js:131:9)
                        at process.processTicksAndRejections (node:internal/process/task_queues:95:5)</pre>
                      </details>
                    </div>
                  </td>
              </tr>
              <tr class="confirmed">
                <!--This is the name of the test-->
                <td class="subtest">
                    &quot;credential.issuer&quot; MUST be a string or an object
                </td>
                <!--These contain if the test passed, failed, or was skipped-->
                  <td class="passed not-optional highlight-on-hover text-center">
                    <div class= "highlight-on-hover">‚úì</div>
                    <div class="relative-pos">
                    </div>
                  </td>
                  <td class="failed not-optional highlight-on-hover text-center">
                    <div class= "highlight-on-hover">‚ùå</div>
                    <div class="relative-pos">
                      <details class="err hide">
                        <summary>Expected status code 400 or 422.: expected 404 to be one of [ 400, 422 ]</summary>
                        <pre>AssertionError: Expected status code 400 or 422.: expected 404 to be one of [ 400, 422 ]
                        at shouldThrowInvalidInput (file:///home/runner/work/vc-api-issuer-test-suite/vc-api-issuer-test-suite/tests/assertions.js:14:26)
                        at Context.&lt;anonymous&gt; (file:///home/runner/work/vc-api-issuer-test-suite/vc-api-issuer-test-suite/tests/10-issuer.js:143:11)
                        at process.processTicksAndRejections (node:internal/process/task_queues:95:5)</pre>
                      </details>
                    </div>
                  </td>
                  <td class="failed not-optional highlight-on-hover text-center">
                    <div class= "highlight-on-hover">‚ùå</div>
                    <div class="relative-pos">
                      <details class="err hide">
                        <summary>Expected status code 400 or 422.: expected 500 to be one of [ 400, 422 ]</summary>
                        <pre>AssertionError: Expected status code 400 or 422.: expected 500 to be one of [ 400, 422 ]
                        at shouldThrowInvalidInput (file:///home/runner/work/vc-api-issuer-test-suite/vc-api-issuer-test-suite/tests/assertions.js:14:26)
                        at Context.&lt;anonymous&gt; (file:///home/runner/work/vc-api-issuer-test-suite/vc-api-issuer-test-suite/tests/10-issuer.js:143:11)
                        at process.processTicksAndRejections (node:internal/process/task_queues:95:5)</pre>
                      </details>
                    </div>
                  </td>
                  <td class="failed not-optional highlight-on-hover text-center">
                    <div class= "highlight-on-hover">‚ùå</div>
                    <div class="relative-pos">
                      <details class="err hide">
                        <summary>Expected no result from issuer.: expected Response { status: 201, statusText: &#x27;Created&#x27;, headers: Headers { &#x27;cache-control&#x27;: &#x27;no-cache, no-store, must-revalidate&#x27;, pragma: &#x27;no-cache&#x27;, expires: &#x27;0&#x27;, vary: &#x27;X-HTTP-Method-Override, Accept-Encoding&#x27;, &#x27;access-control-allow-origin&#x27;: &#x27;*&#x27;, &#x27;content-type&#x27;: &#x27;application/json; charset&#x3D;utf-8&#x27;, etag: &#x27;W/&quot;2f3-XXxskzr3jaPjqTQxDHwj8X42qrc&quot;&#x27;, &#x27;x-cloud-trace-context&#x27;: &#x27;26f7fd3303abb8889ffce56bd3921c46&#x27;, date: &#x27;Sun, 05 Jan 2025 05:09:25 GMT&#x27;, server: &#x27;Google Frontend&#x27;, &#x27;content-length&#x27;: &#x27;755&#x27;, via: &#x27;1.1 google&#x27;, &#x27;alt-svc&#x27;: &#x27;h3&#x3D;&quot;:443&quot;; ma&#x3D;2592000,h3-29&#x3D;&quot;:443&quot;; ma&#x3D;2592000&#x27;, Authorization: &#x27;** SANITIZED TO PREVENT EXPOSING OF SECRETS ***&#x27; }, body: ReadableStream { locked: false, state: &#x27;readable&#x27;, supportsBYOB: true }, bodyUsed: false, ok: true, redirected: false, type: &#x27;default&#x27;, url: &#x27;&#x27; } to not exist</summary>
                        <pre>AssertionError: Expected no result from issuer.: expected Response { status: 201, statusText: &#x27;Created&#x27;, headers: Headers { &#x27;cache-control&#x27;: &#x27;no-cache, no-store, must-revalidate&#x27;, pragma: &#x27;no-cache&#x27;, expires: &#x27;0&#x27;, vary: &#x27;X-HTTP-Method-Override, Accept-Encoding&#x27;, &#x27;access-control-allow-origin&#x27;: &#x27;*&#x27;, &#x27;content-type&#x27;: &#x27;application/json; charset&#x3D;utf-8&#x27;, etag: &#x27;W/&quot;2f3-XXxskzr3jaPjqTQxDHwj8X42qrc&quot;&#x27;, &#x27;x-cloud-trace-context&#x27;: &#x27;26f7fd3303abb8889ffce56bd3921c46&#x27;, date: &#x27;Sun, 05 Jan 2025 05:09:25 GMT&#x27;, server: &#x27;Google Frontend&#x27;, &#x27;content-length&#x27;: &#x27;755&#x27;, via: &#x27;1.1 google&#x27;, &#x27;alt-svc&#x27;: &#x27;h3&#x3D;&quot;:443&quot;; ma&#x3D;2592000,h3-29&#x3D;&quot;:443&quot;; ma&#x3D;2592000&#x27;, Authorization: &#x27;** SANITIZED TO PREVENT EXPOSING OF SECRETS ***&#x27; }, body: ReadableStream { locked: false, state: &#x27;readable&#x27;, supportsBYOB: true }, bodyUsed: false, ok: true, redirected: false, type: &#x27;default&#x27;, url: &#x27;&#x27; } to not exist
                        at should.not.exist (node_modules/chai/lib/chai/interface/should.js:208:38)
                        at shouldThrowInvalidInput (file:///home/runner/work/vc-api-issuer-test-suite/vc-api-issuer-test-suite/tests/assertions.js:9:14)
                        at Context.&lt;anonymous&gt; (file:///home/runner/work/vc-api-issuer-test-suite/vc-api-issuer-test-suite/tests/10-issuer.js:143:11)
                        at process.processTicksAndRejections (node:internal/process/task_queues:95:5)</pre>
                      </details>
                    </div>
                  </td>
                  <td class="passed not-optional highlight-on-hover text-center">
                    <div class= "highlight-on-hover">‚úì</div>
                    <div class="relative-pos">
                    </div>
                  </td>
                  <td class="passed not-optional highlight-on-hover text-center">
                    <div class= "highlight-on-hover">‚úì</div>
                    <div class="relative-pos">
                    </div>
                  </td>
                  <td class="failed not-optional highlight-on-hover text-center">
                    <div class= "highlight-on-hover">‚ùå</div>
                    <div class="relative-pos">
                      <details class="err hide">
                        <summary>Request failed with status code 401 Unauthorized</summary>
                        <pre>HTTPError: Request failed with status code 401 Unauthorized
                        at fn (file:///home/runner/work/vc-api-issuer-test-suite/vc-api-issuer-test-suite/node_modules/ky/distribution/core/Ky.js:28:29)
                        at process.processTicksAndRejections (node:internal/process/task_queues:95:5)
                        at async _handleResponse (file:///home/runner/work/vc-api-issuer-test-suite/vc-api-issuer-test-suite/node_modules/@digitalbazaar/http-client/lib/httpClient.js:101:16)
                        at async makeHttpsRequest (file:///home/runner/work/vc-api-issuer-test-suite/vc-api-issuer-test-suite/node_modules/vc-test-suite-implementations/lib/requests.js:46:14)
                        at async _requestAccessToken (file:///home/runner/work/vc-api-issuer-test-suite/vc-api-issuer-test-suite/node_modules/vc-test-suite-implementations/lib/oauth2.js:94:41)
                        at async _getNewAccessToken (file:///home/runner/work/vc-api-issuer-test-suite/vc-api-issuer-test-suite/node_modules/vc-test-suite-implementations/lib/oauth2.js:78:9)
                        at async constructOAuthHeader (file:///home/runner/work/vc-api-issuer-test-suite/vc-api-issuer-test-suite/node_modules/vc-test-suite-implementations/lib/oauth2.js:24:25)
                        at async makeHttpsRequest (file:///home/runner/work/vc-api-issuer-test-suite/vc-api-issuer-test-suite/node_modules/vc-test-suite-implementations/lib/requests.js:43:29)
                        at async Context.&lt;anonymous&gt; (file:///home/runner/work/vc-api-issuer-test-suite/vc-api-issuer-test-suite/tests/10-issuer.js:142:35)</pre>
                      </details>
                    </div>
                  </td>
                  <td class="passed not-optional highlight-on-hover text-center">
                    <div class= "highlight-on-hover">‚úì</div>
                    <div class="relative-pos">
                    </div>
                  </td>
                  <td class="passed not-optional highlight-on-hover text-center">
                    <div class= "highlight-on-hover">‚úì</div>
                    <div class="relative-pos">
                    </div>
                  </td>
                  <td class="failed not-optional highlight-on-hover text-center">
                    <div class= "highlight-on-hover">‚ùå</div>
                    <div class="relative-pos">
                      <details class="err hide">
                        <summary>Request failed with status code 403 Forbidden</summary>
                        <pre>HTTPError: Request failed with status code 403 Forbidden
                        at fn (file:///home/runner/work/vc-api-issuer-test-suite/vc-api-issuer-test-suite/node_modules/ky/distribution/core/Ky.js:28:29)
                        at process.processTicksAndRejections (node:internal/process/task_queues:95:5)
                        at async _handleResponse (file:///home/runner/work/vc-api-issuer-test-suite/vc-api-issuer-test-suite/node_modules/@digitalbazaar/http-client/lib/httpClient.js:101:16)
                        at async makeHttpsRequest (file:///home/runner/work/vc-api-issuer-test-suite/vc-api-issuer-test-suite/node_modules/vc-test-suite-implementations/lib/requests.js:46:14)
                        at async _requestAccessToken (file:///home/runner/work/vc-api-issuer-test-suite/vc-api-issuer-test-suite/node_modules/vc-test-suite-implementations/lib/oauth2.js:94:41)
                        at async _getNewAccessToken (file:///home/runner/work/vc-api-issuer-test-suite/vc-api-issuer-test-suite/node_modules/vc-test-suite-implementations/lib/oauth2.js:78:9)
                        at async constructOAuthHeader (file:///home/runner/work/vc-api-issuer-test-suite/vc-api-issuer-test-suite/node_modules/vc-test-suite-implementations/lib/oauth2.js:24:25)
                        at async makeHttpsRequest (file:///home/runner/work/vc-api-issuer-test-suite/vc-api-issuer-test-suite/node_modules/vc-test-suite-implementations/lib/requests.js:43:29)
                        at async Context.&lt;anonymous&gt; (file:///home/runner/work/vc-api-issuer-test-suite/vc-api-issuer-test-suite/tests/10-issuer.js:142:35)</pre>
                      </details>
                    </div>
                  </td>
                  <td class="passed not-optional highlight-on-hover text-center">
                    <div class= "highlight-on-hover">‚úì</div>
                    <div class="relative-pos">
                    </div>
                  </td>
                  <td class="failed not-optional highlight-on-hover text-center">
                    <div class= "highlight-on-hover">‚ùå</div>
                    <div class="relative-pos">
                      <details class="err hide">
                        <summary>Expected an HTTP error response code.: expected undefined to exist</summary>
                        <pre>AssertionError: Expected an HTTP error response code.: expected undefined to exist
                        at should.exist (node_modules/chai/lib/chai/interface/should.js:144:34)
                        at shouldThrowInvalidInput (file:///home/runner/work/vc-api-issuer-test-suite/vc-api-issuer-test-suite/tests/assertions.js:11:10)
                        at Context.&lt;anonymous&gt; (file:///home/runner/work/vc-api-issuer-test-suite/vc-api-issuer-test-suite/tests/10-issuer.js:143:11)
                        at process.processTicksAndRejections (node:internal/process/task_queues:95:5)</pre>
                      </details>
                    </div>
                  </td>
                  <td class="passed not-optional highlight-on-hover text-center">
                    <div class= "highlight-on-hover">‚úì</div>
                    <div class="relative-pos">
                    </div>
                  </td>
                  <td class="passed not-optional highlight-on-hover text-center">
                    <div class= "highlight-on-hover">‚úì</div>
                    <div class="relative-pos">
                    </div>
                  </td>
                  <td class="failed not-optional highlight-on-hover text-center">
                    <div class= "highlight-on-hover">‚ùå</div>
                    <div class="relative-pos">
                      <details class="err hide">
                        <summary>Expected no result from issuer.: expected Response { status: 200, statusText: &#x27;OK&#x27;, headers: Headers { date: &#x27;Sun, 05 Jan 2025 05:09:47 GMT&#x27;, &#x27;content-type&#x27;: &#x27;text/html; charset&#x3D;utf-8&#x27;, &#x27;transfer-encoding&#x27;: &#x27;chunked&#x27;, connection: &#x27;keep-alive&#x27;, &#x27;cache-control&#x27;: &#x27;no-cache,no-store&#x27;, expires: &#x27;-1&#x27;, pragma: &#x27;no-cache&#x27;, &#x27;x-envoy-upstream-service-time&#x27;: &#x27;9&#x27;, &#x27;cf-cache-status&#x27;: &#x27;DYNAMIC&#x27;, &#x27;report-to&#x27;: &#x27;{&quot;endpoints&quot;:[{&quot;url&quot;:&quot;https:\\/\\/a.nel.cloudflare.com\\/report\\/v4?s&#x3D;%2FHw3AQ4JWHexwRvLHul0eNqT6q4JP9OP6JXDSYRlc3ke1pLTebqfrSMR4WlvfaTAdNai9ZaD6IVmswqnvwmaLBxhX17tow4vpFWp%2FbfTr55l3Zrrvmc2mPS0dpYNdq%2F7ex137aNIRCrN5h0VzhC%2F&quot;}],&quot;group&quot;:&quot;cf-nel&quot;,&quot;max_age&quot;:604800}&#x27;, nel: &#x27;{&quot;success_fraction&quot;:0,&quot;report_to&quot;:&quot;cf-nel&quot;,&quot;max_age&quot;:604800}&#x27;, server: &#x27;cloudflare&#x27;, &#x27;cf-ray&#x27;: &#x27;8fd0f54ccc98d630-IAD&#x27;, &#x27;content-encoding&#x27;: &#x27;br&#x27;, &#x27;server-timing&#x27;: &#x27;cfL4;desc&#x3D;&quot;?proto&#x3D;TCP&amp;rtt&#x3D;1887&amp;min_rtt&#x3D;895&amp;rtt_var&#x3D;1086&amp;sent&#x3D;31&amp;recv&#x3D;24&amp;lost&#x3D;0&amp;retrans&#x3D;0&amp;sent_bytes&#x3D;27520&amp;recv_bytes&#x3D;7280&amp;delivery_rate&#x3D;4962641&amp;cwnd&#x3D;257&amp;unsent_bytes&#x3D;0&amp;cid&#x3D;f069d7392fcc4fa2&amp;ts&#x3D;342&amp;x&#x3D;0&quot;&#x27;, Authorization: &#x27;** SANITIZED TO PREVENT EXPOSING OF SECRETS ***&#x27; }, body: null, bodyUsed: false, ok: true, redirected: false, type: &#x27;default&#x27;, url: &#x27;&#x27; } to not exist</summary>
                        <pre>AssertionError: Expected no result from issuer.: expected Response { status: 200, statusText: &#x27;OK&#x27;, headers: Headers { date: &#x27;Sun, 05 Jan 2025 05:09:47 GMT&#x27;, &#x27;content-type&#x27;: &#x27;text/html; charset&#x3D;utf-8&#x27;, &#x27;transfer-encoding&#x27;: &#x27;chunked&#x27;, connection: &#x27;keep-alive&#x27;, &#x27;cache-control&#x27;: &#x27;no-cache,no-store&#x27;, expires: &#x27;-1&#x27;, pragma: &#x27;no-cache&#x27;, &#x27;x-envoy-upstream-service-time&#x27;: &#x27;9&#x27;, &#x27;cf-cache-status&#x27;: &#x27;DYNAMIC&#x27;, &#x27;report-to&#x27;: &#x27;{&quot;endpoints&quot;:[{&quot;url&quot;:&quot;https:\\/\\/a.nel.cloudflare.com\\/report\\/v4?s&#x3D;%2FHw3AQ4JWHexwRvLHul0eNqT6q4JP9OP6JXDSYRlc3ke1pLTebqfrSMR4WlvfaTAdNai9ZaD6IVmswqnvwmaLBxhX17tow4vpFWp%2FbfTr55l3Zrrvmc2mPS0dpYNdq%2F7ex137aNIRCrN5h0VzhC%2F&quot;}],&quot;group&quot;:&quot;cf-nel&quot;,&quot;max_age&quot;:604800}&#x27;, nel: &#x27;{&quot;success_fraction&quot;:0,&quot;report_to&quot;:&quot;cf-nel&quot;,&quot;max_age&quot;:604800}&#x27;, server: &#x27;cloudflare&#x27;, &#x27;cf-ray&#x27;: &#x27;8fd0f54ccc98d630-IAD&#x27;, &#x27;content-encoding&#x27;: &#x27;br&#x27;, &#x27;server-timing&#x27;: &#x27;cfL4;desc&#x3D;&quot;?proto&#x3D;TCP&amp;rtt&#x3D;1887&amp;min_rtt&#x3D;895&amp;rtt_var&#x3D;1086&amp;sent&#x3D;31&amp;recv&#x3D;24&amp;lost&#x3D;0&amp;retrans&#x3D;0&amp;sent_bytes&#x3D;27520&amp;recv_bytes&#x3D;7280&amp;delivery_rate&#x3D;4962641&amp;cwnd&#x3D;257&amp;unsent_bytes&#x3D;0&amp;cid&#x3D;f069d7392fcc4fa2&amp;ts&#x3D;342&amp;x&#x3D;0&quot;&#x27;, Authorization: &#x27;** SANITIZED TO PREVENT EXPOSING OF SECRETS ***&#x27; }, body: null, bodyUsed: false, ok: true, redirected: false, type: &#x27;default&#x27;, url: &#x27;&#x27; } to not exist
                        at should.not.exist (node_modules/chai/lib/chai/interface/should.js:208:38)
                        at shouldThrowInvalidInput (file:///home/runner/work/vc-api-issuer-test-suite/vc-api-issuer-test-suite/tests/assertions.js:9:14)
                        at Context.&lt;anonymous&gt; (file:///home/runner/work/vc-api-issuer-test-suite/vc-api-issuer-test-suite/tests/10-issuer.js:143:11)
                        at process.processTicksAndRejections (node:internal/process/task_queues:95:5)</pre>
                      </details>
                    </div>
                  </td>
              </tr>
              <tr class="confirmed">
                <!--This is the name of the test-->
                <td class="subtest">
                    credential MUST have property &quot;credentialSubject&quot;
                </td>
                <!--These contain if the test passed, failed, or was skipped-->
                  <td class="passed not-optional highlight-on-hover text-center">
                    <div class= "highlight-on-hover">‚úì</div>
                    <div class="relative-pos">
                    </div>
                  </td>
                  <td class="failed not-optional highlight-on-hover text-center">
                    <div class= "highlight-on-hover">‚ùå</div>
                    <div class="relative-pos">
                      <details class="err hide">
                        <summary>Expected status code 400 or 422.: expected 404 to be one of [ 400, 422 ]</summary>
                        <pre>AssertionError: Expected status code 400 or 422.: expected 404 to be one of [ 400, 422 ]
                        at shouldThrowInvalidInput (file:///home/runner/work/vc-api-issuer-test-suite/vc-api-issuer-test-suite/tests/assertions.js:14:26)
                        at Context.&lt;anonymous&gt; (file:///home/runner/work/vc-api-issuer-test-suite/vc-api-issuer-test-suite/tests/10-issuer.js:154:9)
                        at process.processTicksAndRejections (node:internal/process/task_queues:95:5)</pre>
                      </details>
                    </div>
                  </td>
                  <td class="passed not-optional highlight-on-hover text-center">
                    <div class= "highlight-on-hover">‚úì</div>
                    <div class="relative-pos">
                    </div>
                  </td>
                  <td class="passed not-optional highlight-on-hover text-center">
                    <div class= "highlight-on-hover">‚úì</div>
                    <div class="relative-pos">
                    </div>
                  </td>
                  <td class="passed not-optional highlight-on-hover text-center">
                    <div class= "highlight-on-hover">‚úì</div>
                    <div class="relative-pos">
                    </div>
                  </td>
                  <td class="passed not-optional highlight-on-hover text-center">
                    <div class= "highlight-on-hover">‚úì</div>
                    <div class="relative-pos">
                    </div>
                  </td>
                  <td class="failed not-optional highlight-on-hover text-center">
                    <div class= "highlight-on-hover">‚ùå</div>
                    <div class="relative-pos">
                      <details class="err hide">
                        <summary>Request failed with status code 401 Unauthorized</summary>
                        <pre>HTTPError: Request failed with status code 401 Unauthorized
                        at fn (file:///home/runner/work/vc-api-issuer-test-suite/vc-api-issuer-test-suite/node_modules/ky/distribution/core/Ky.js:28:29)
                        at process.processTicksAndRejections (node:internal/process/task_queues:95:5)
                        at async _handleResponse (file:///home/runner/work/vc-api-issuer-test-suite/vc-api-issuer-test-suite/node_modules/@digitalbazaar/http-client/lib/httpClient.js:101:16)
                        at async makeHttpsRequest (file:///home/runner/work/vc-api-issuer-test-suite/vc-api-issuer-test-suite/node_modules/vc-test-suite-implementations/lib/requests.js:46:14)
                        at async _requestAccessToken (file:///home/runner/work/vc-api-issuer-test-suite/vc-api-issuer-test-suite/node_modules/vc-test-suite-implementations/lib/oauth2.js:94:41)
                        at async _getNewAccessToken (file:///home/runner/work/vc-api-issuer-test-suite/vc-api-issuer-test-suite/node_modules/vc-test-suite-implementations/lib/oauth2.js:78:9)
                        at async constructOAuthHeader (file:///home/runner/work/vc-api-issuer-test-suite/vc-api-issuer-test-suite/node_modules/vc-test-suite-implementations/lib/oauth2.js:24:25)
                        at async makeHttpsRequest (file:///home/runner/work/vc-api-issuer-test-suite/vc-api-issuer-test-suite/node_modules/vc-test-suite-implementations/lib/requests.js:43:29)
                        at async Context.&lt;anonymous&gt; (file:///home/runner/work/vc-api-issuer-test-suite/vc-api-issuer-test-suite/tests/10-issuer.js:153:33)</pre>
                      </details>
                    </div>
                  </td>
                  <td class="passed not-optional highlight-on-hover text-center">
                    <div class= "highlight-on-hover">‚úì</div>
                    <div class="relative-pos">
                    </div>
                  </td>
                  <td class="passed not-optional highlight-on-hover text-center">
                    <div class= "highlight-on-hover">‚úì</div>
                    <div class="relative-pos">
                    </div>
                  </td>
                  <td class="failed not-optional highlight-on-hover text-center">
                    <div class= "highlight-on-hover">‚ùå</div>
                    <div class="relative-pos">
                      <details class="err hide">
                        <summary>Request failed with status code 403 Forbidden</summary>
                        <pre>HTTPError: Request failed with status code 403 Forbidden
                        at fn (file:///home/runner/work/vc-api-issuer-test-suite/vc-api-issuer-test-suite/node_modules/ky/distribution/core/Ky.js:28:29)
                        at process.processTicksAndRejections (node:internal/process/task_queues:95:5)
                        at async _handleResponse (file:///home/runner/work/vc-api-issuer-test-suite/vc-api-issuer-test-suite/node_modules/@digitalbazaar/http-client/lib/httpClient.js:101:16)
                        at async makeHttpsRequest (file:///home/runner/work/vc-api-issuer-test-suite/vc-api-issuer-test-suite/node_modules/vc-test-suite-implementations/lib/requests.js:46:14)
                        at async _requestAccessToken (file:///home/runner/work/vc-api-issuer-test-suite/vc-api-issuer-test-suite/node_modules/vc-test-suite-implementations/lib/oauth2.js:94:41)
                        at async _getNewAccessToken (file:///home/runner/work/vc-api-issuer-test-suite/vc-api-issuer-test-suite/node_modules/vc-test-suite-implementations/lib/oauth2.js:78:9)
                        at async constructOAuthHeader (file:///home/runner/work/vc-api-issuer-test-suite/vc-api-issuer-test-suite/node_modules/vc-test-suite-implementations/lib/oauth2.js:24:25)
                        at async makeHttpsRequest (file:///home/runner/work/vc-api-issuer-test-suite/vc-api-issuer-test-suite/node_modules/vc-test-suite-implementations/lib/requests.js:43:29)
                        at async Context.&lt;anonymous&gt; (file:///home/runner/work/vc-api-issuer-test-suite/vc-api-issuer-test-suite/tests/10-issuer.js:153:33)</pre>
                      </details>
                    </div>
                  </td>
                  <td class="passed not-optional highlight-on-hover text-center">
                    <div class= "highlight-on-hover">‚úì</div>
                    <div class="relative-pos">
                    </div>
                  </td>
                  <td class="failed not-optional highlight-on-hover text-center">
                    <div class= "highlight-on-hover">‚ùå</div>
                    <div class="relative-pos">
                      <details class="err hide">
                        <summary>Expected an HTTP error response code.: expected undefined to exist</summary>
                        <pre>AssertionError: Expected an HTTP error response code.: expected undefined to exist
                        at should.exist (node_modules/chai/lib/chai/interface/should.js:144:34)
                        at shouldThrowInvalidInput (file:///home/runner/work/vc-api-issuer-test-suite/vc-api-issuer-test-suite/tests/assertions.js:11:10)
                        at Context.&lt;anonymous&gt; (file:///home/runner/work/vc-api-issuer-test-suite/vc-api-issuer-test-suite/tests/10-issuer.js:154:9)
                        at process.processTicksAndRejections (node:internal/process/task_queues:95:5)</pre>
                      </details>
                    </div>
                  </td>
                  <td class="passed not-optional highlight-on-hover text-center">
                    <div class= "highlight-on-hover">‚úì</div>
                    <div class="relative-pos">
                    </div>
                  </td>
                  <td class="passed not-optional highlight-on-hover text-center">
                    <div class= "highlight-on-hover">‚úì</div>
                    <div class="relative-pos">
                    </div>
                  </td>
                  <td class="failed not-optional highlight-on-hover text-center">
                    <div class= "highlight-on-hover">‚ùå</div>
                    <div class="relative-pos">
                      <details class="err hide">
                        <summary>Expected no result from issuer.: expected Response { status: 200, statusText: &#x27;OK&#x27;, headers: Headers { date: &#x27;Sun, 05 Jan 2025 05:09:47 GMT&#x27;, &#x27;content-type&#x27;: &#x27;text/html; charset&#x3D;utf-8&#x27;, &#x27;transfer-encoding&#x27;: &#x27;chunked&#x27;, connection: &#x27;keep-alive&#x27;, &#x27;cache-control&#x27;: &#x27;no-cache,no-store&#x27;, expires: &#x27;-1&#x27;, pragma: &#x27;no-cache&#x27;, &#x27;x-envoy-upstream-service-time&#x27;: &#x27;7&#x27;, &#x27;cf-cache-status&#x27;: &#x27;DYNAMIC&#x27;, &#x27;report-to&#x27;: &#x27;{&quot;endpoints&quot;:[{&quot;url&quot;:&quot;https:\\/\\/a.nel.cloudflare.com\\/report\\/v4?s&#x3D;lRIhtLWftlFOYm88wsy1Wr2FBbXstgE0pRJXgr52oAMAQqPqG5A08EgUi5%2BSw2X2eoOoqjmFZ9fPHz3Pq1Sd%2BBaQg8I1KLQCJHVQmMgmHZxKCZwjXePD8j4LW0AY2PW9%2BWLt%2Fvk773cXv8ohz6RN&quot;}],&quot;group&quot;:&quot;cf-nel&quot;,&quot;max_age&quot;:604800}&#x27;, nel: &#x27;{&quot;success_fraction&quot;:0,&quot;report_to&quot;:&quot;cf-nel&quot;,&quot;max_age&quot;:604800}&#x27;, server: &#x27;cloudflare&#x27;, &#x27;cf-ray&#x27;: &#x27;8fd0f54cecdad630-IAD&#x27;, &#x27;content-encoding&#x27;: &#x27;br&#x27;, &#x27;server-timing&#x27;: &#x27;cfL4;desc&#x3D;&quot;?proto&#x3D;TCP&amp;rtt&#x3D;1792&amp;min_rtt&#x3D;895&amp;rtt_var&#x3D;1003&amp;sent&#x3D;33&amp;recv&#x3D;26&amp;lost&#x3D;0&amp;retrans&#x3D;0&amp;sent_bytes&#x3D;30277&amp;recv_bytes&#x3D;7905&amp;delivery_rate&#x3D;4962641&amp;cwnd&#x3D;257&amp;unsent_bytes&#x3D;0&amp;cid&#x3D;f069d7392fcc4fa2&amp;ts&#x3D;362&amp;x&#x3D;0&quot;&#x27;, Authorization: &#x27;** SANITIZED TO PREVENT EXPOSING OF SECRETS ***&#x27; }, body: null, bodyUsed: false, ok: true, redirected: false, type: &#x27;default&#x27;, url: &#x27;&#x27; } to not exist</summary>
                        <pre>AssertionError: Expected no result from issuer.: expected Response { status: 200, statusText: &#x27;OK&#x27;, headers: Headers { date: &#x27;Sun, 05 Jan 2025 05:09:47 GMT&#x27;, &#x27;content-type&#x27;: &#x27;text/html; charset&#x3D;utf-8&#x27;, &#x27;transfer-encoding&#x27;: &#x27;chunked&#x27;, connection: &#x27;keep-alive&#x27;, &#x27;cache-control&#x27;: &#x27;no-cache,no-store&#x27;, expires: &#x27;-1&#x27;, pragma: &#x27;no-cache&#x27;, &#x27;x-envoy-upstream-service-time&#x27;: &#x27;7&#x27;, &#x27;cf-cache-status&#x27;: &#x27;DYNAMIC&#x27;, &#x27;report-to&#x27;: &#x27;{&quot;endpoints&quot;:[{&quot;url&quot;:&quot;https:\\/\\/a.nel.cloudflare.com\\/report\\/v4?s&#x3D;lRIhtLWftlFOYm88wsy1Wr2FBbXstgE0pRJXgr52oAMAQqPqG5A08EgUi5%2BSw2X2eoOoqjmFZ9fPHz3Pq1Sd%2BBaQg8I1KLQCJHVQmMgmHZxKCZwjXePD8j4LW0AY2PW9%2BWLt%2Fvk773cXv8ohz6RN&quot;}],&quot;group&quot;:&quot;cf-nel&quot;,&quot;max_age&quot;:604800}&#x27;, nel: &#x27;{&quot;success_fraction&quot;:0,&quot;report_to&quot;:&quot;cf-nel&quot;,&quot;max_age&quot;:604800}&#x27;, server: &#x27;cloudflare&#x27;, &#x27;cf-ray&#x27;: &#x27;8fd0f54cecdad630-IAD&#x27;, &#x27;content-encoding&#x27;: &#x27;br&#x27;, &#x27;server-timing&#x27;: &#x27;cfL4;desc&#x3D;&quot;?proto&#x3D;TCP&amp;rtt&#x3D;1792&amp;min_rtt&#x3D;895&amp;rtt_var&#x3D;1003&amp;sent&#x3D;33&amp;recv&#x3D;26&amp;lost&#x3D;0&amp;retrans&#x3D;0&amp;sent_bytes&#x3D;30277&amp;recv_bytes&#x3D;7905&amp;delivery_rate&#x3D;4962641&amp;cwnd&#x3D;257&amp;unsent_bytes&#x3D;0&amp;cid&#x3D;f069d7392fcc4fa2&amp;ts&#x3D;362&amp;x&#x3D;0&quot;&#x27;, Authorization: &#x27;** SANITIZED TO PREVENT EXPOSING OF SECRETS ***&#x27; }, body: null, bodyUsed: false, ok: true, redirected: false, type: &#x27;default&#x27;, url: &#x27;&#x27; } to not exist
                        at should.not.exist (node_modules/chai/lib/chai/interface/should.js:208:38)
                        at shouldThrowInvalidInput (file:///home/runner/work/vc-api-issuer-test-suite/vc-api-issuer-test-suite/tests/assertions.js:9:14)
                        at Context.&lt;anonymous&gt; (file:///home/runner/work/vc-api-issuer-test-suite/vc-api-issuer-test-suite/tests/10-issuer.js:154:9)
                        at process.processTicksAndRejections (node:internal/process/task_queues:95:5)</pre>
                      </details>
                    </div>
                  </td>
              </tr>
              <tr class="confirmed">
                <!--This is the name of the test-->
                <td class="subtest">
                    &quot;credential.credentialSubject&quot; MUST be an object
                </td>
                <!--These contain if the test passed, failed, or was skipped-->
                  <td class="failed not-optional highlight-on-hover text-center">
                    <div class= "highlight-on-hover">‚ùå</div>
                    <div class="relative-pos">
                      <details class="err hide">
                        <summary>Expected status code 400 or 422.: expected 500 to be one of [ 400, 422 ]</summary>
                        <pre>AssertionError: Expected status code 400 or 422.: expected 500 to be one of [ 400, 422 ]
                        at shouldThrowInvalidInput (file:///home/runner/work/vc-api-issuer-test-suite/vc-api-issuer-test-suite/tests/assertions.js:14:26)
                        at Context.&lt;anonymous&gt; (file:///home/runner/work/vc-api-issuer-test-suite/vc-api-issuer-test-suite/tests/10-issuer.js:168:11)
                        at process.processTicksAndRejections (node:internal/process/task_queues:95:5)</pre>
                      </details>
                    </div>
                  </td>
                  <td class="failed not-optional highlight-on-hover text-center">
                    <div class= "highlight-on-hover">‚ùå</div>
                    <div class="relative-pos">
                      <details class="err hide">
                        <summary>Expected status code 400 or 422.: expected 404 to be one of [ 400, 422 ]</summary>
                        <pre>AssertionError: Expected status code 400 or 422.: expected 404 to be one of [ 400, 422 ]
                        at shouldThrowInvalidInput (file:///home/runner/work/vc-api-issuer-test-suite/vc-api-issuer-test-suite/tests/assertions.js:14:26)
                        at Context.&lt;anonymous&gt; (file:///home/runner/work/vc-api-issuer-test-suite/vc-api-issuer-test-suite/tests/10-issuer.js:168:11)
                        at process.processTicksAndRejections (node:internal/process/task_queues:95:5)</pre>
                      </details>
                    </div>
                  </td>
                  <td class="passed not-optional highlight-on-hover text-center">
                    <div class= "highlight-on-hover">‚úì</div>
                    <div class="relative-pos">
                    </div>
                  </td>
                  <td class="passed not-optional highlight-on-hover text-center">
                    <div class= "highlight-on-hover">‚úì</div>
                    <div class="relative-pos">
                    </div>
                  </td>
                  <td class="passed not-optional highlight-on-hover text-center">
                    <div class= "highlight-on-hover">‚úì</div>
                    <div class="relative-pos">
                    </div>
                  </td>
                  <td class="passed not-optional highlight-on-hover text-center">
                    <div class= "highlight-on-hover">‚úì</div>
                    <div class="relative-pos">
                    </div>
                  </td>
                  <td class="failed not-optional highlight-on-hover text-center">
                    <div class= "highlight-on-hover">‚ùå</div>
                    <div class="relative-pos">
                      <details class="err hide">
                        <summary>Request failed with status code 401 Unauthorized</summary>
                        <pre>HTTPError: Request failed with status code 401 Unauthorized
                        at fn (file:///home/runner/work/vc-api-issuer-test-suite/vc-api-issuer-test-suite/node_modules/ky/distribution/core/Ky.js:28:29)
                        at process.processTicksAndRejections (node:internal/process/task_queues:95:5)
                        at async _handleResponse (file:///home/runner/work/vc-api-issuer-test-suite/vc-api-issuer-test-suite/node_modules/@digitalbazaar/http-client/lib/httpClient.js:101:16)
                        at async makeHttpsRequest (file:///home/runner/work/vc-api-issuer-test-suite/vc-api-issuer-test-suite/node_modules/vc-test-suite-implementations/lib/requests.js:46:14)
                        at async _requestAccessToken (file:///home/runner/work/vc-api-issuer-test-suite/vc-api-issuer-test-suite/node_modules/vc-test-suite-implementations/lib/oauth2.js:94:41)
                        at async _getNewAccessToken (file:///home/runner/work/vc-api-issuer-test-suite/vc-api-issuer-test-suite/node_modules/vc-test-suite-implementations/lib/oauth2.js:78:9)
                        at async constructOAuthHeader (file:///home/runner/work/vc-api-issuer-test-suite/vc-api-issuer-test-suite/node_modules/vc-test-suite-implementations/lib/oauth2.js:24:25)
                        at async makeHttpsRequest (file:///home/runner/work/vc-api-issuer-test-suite/vc-api-issuer-test-suite/node_modules/vc-test-suite-implementations/lib/requests.js:43:29)
                        at async Context.&lt;anonymous&gt; (file:///home/runner/work/vc-api-issuer-test-suite/vc-api-issuer-test-suite/tests/10-issuer.js:167:35)</pre>
                      </details>
                    </div>
                  </td>
                  <td class="passed not-optional highlight-on-hover text-center">
                    <div class= "highlight-on-hover">‚úì</div>
                    <div class="relative-pos">
                    </div>
                  </td>
                  <td class="passed not-optional highlight-on-hover text-center">
                    <div class= "highlight-on-hover">‚úì</div>
                    <div class="relative-pos">
                    </div>
                  </td>
                  <td class="failed not-optional highlight-on-hover text-center">
                    <div class= "highlight-on-hover">‚ùå</div>
                    <div class="relative-pos">
                      <details class="err hide">
                        <summary>Request failed with status code 403 Forbidden</summary>
                        <pre>HTTPError: Request failed with status code 403 Forbidden
                        at fn (file:///home/runner/work/vc-api-issuer-test-suite/vc-api-issuer-test-suite/node_modules/ky/distribution/core/Ky.js:28:29)
                        at process.processTicksAndRejections (node:internal/process/task_queues:95:5)
                        at async _handleResponse (file:///home/runner/work/vc-api-issuer-test-suite/vc-api-issuer-test-suite/node_modules/@digitalbazaar/http-client/lib/httpClient.js:101:16)
                        at async makeHttpsRequest (file:///home/runner/work/vc-api-issuer-test-suite/vc-api-issuer-test-suite/node_modules/vc-test-suite-implementations/lib/requests.js:46:14)
                        at async _requestAccessToken (file:///home/runner/work/vc-api-issuer-test-suite/vc-api-issuer-test-suite/node_modules/vc-test-suite-implementations/lib/oauth2.js:94:41)
                        at async _getNewAccessToken (file:///home/runner/work/vc-api-issuer-test-suite/vc-api-issuer-test-suite/node_modules/vc-test-suite-implementations/lib/oauth2.js:78:9)
                        at async constructOAuthHeader (file:///home/runner/work/vc-api-issuer-test-suite/vc-api-issuer-test-suite/node_modules/vc-test-suite-implementations/lib/oauth2.js:24:25)
                        at async makeHttpsRequest (file:///home/runner/work/vc-api-issuer-test-suite/vc-api-issuer-test-suite/node_modules/vc-test-suite-implementations/lib/requests.js:43:29)
                        at async Context.&lt;anonymous&gt; (file:///home/runner/work/vc-api-issuer-test-suite/vc-api-issuer-test-suite/tests/10-issuer.js:167:35)</pre>
                      </details>
                    </div>
                  </td>
                  <td class="passed not-optional highlight-on-hover text-center">
                    <div class= "highlight-on-hover">‚úì</div>
                    <div class="relative-pos">
                    </div>
                  </td>
                  <td class="failed not-optional highlight-on-hover text-center">
                    <div class= "highlight-on-hover">‚ùå</div>
                    <div class="relative-pos">
                      <details class="err hide">
                        <summary>Expected an HTTP error response code.: expected undefined to exist</summary>
                        <pre>AssertionError: Expected an HTTP error response code.: expected undefined to exist
                        at should.exist (node_modules/chai/lib/chai/interface/should.js:144:34)
                        at shouldThrowInvalidInput (file:///home/runner/work/vc-api-issuer-test-suite/vc-api-issuer-test-suite/tests/assertions.js:11:10)
                        at Context.&lt;anonymous&gt; (file:///home/runner/work/vc-api-issuer-test-suite/vc-api-issuer-test-suite/tests/10-issuer.js:168:11)
                        at process.processTicksAndRejections (node:internal/process/task_queues:95:5)</pre>
                      </details>
                    </div>
                  </td>
                  <td class="passed not-optional highlight-on-hover text-center">
                    <div class= "highlight-on-hover">‚úì</div>
                    <div class="relative-pos">
                    </div>
                  </td>
                  <td class="passed not-optional highlight-on-hover text-center">
                    <div class= "highlight-on-hover">‚úì</div>
                    <div class="relative-pos">
                    </div>
                  </td>
                  <td class="failed not-optional highlight-on-hover text-center">
                    <div class= "highlight-on-hover">‚ùå</div>
                    <div class="relative-pos">
                      <details class="err hide">
                        <summary>Expected no result from issuer.: expected Response { status: 200, statusText: &#x27;OK&#x27;, headers: Headers { date: &#x27;Sun, 05 Jan 2025 05:09:47 GMT&#x27;, &#x27;content-type&#x27;: &#x27;text/html; charset&#x3D;utf-8&#x27;, &#x27;transfer-encoding&#x27;: &#x27;chunked&#x27;, connection: &#x27;keep-alive&#x27;, &#x27;cache-control&#x27;: &#x27;no-cache,no-store&#x27;, expires: &#x27;-1&#x27;, pragma: &#x27;no-cache&#x27;, &#x27;x-envoy-upstream-service-time&#x27;: &#x27;7&#x27;, &#x27;cf-cache-status&#x27;: &#x27;DYNAMIC&#x27;, &#x27;report-to&#x27;: &#x27;{&quot;endpoints&quot;:[{&quot;url&quot;:&quot;https:\\/\\/a.nel.cloudflare.com\\/report\\/v4?s&#x3D;AKfLBafQ0h2VxP%2B62zwznOFr6Dt2Pwdy66E3WuD6qmaKoX1%2F0W32YdzigMpv01Yx%2F2dzkAiWz2ytmLe3Mj%2ByBaqQ9HopMqP9J74D7PQE4dfPRgkmYfZ%2F7udY54IoWZP0wfupX8GkrNdSygcBYLbR&quot;}],&quot;group&quot;:&quot;cf-nel&quot;,&quot;max_age&quot;:604800}&#x27;, nel: &#x27;{&quot;success_fraction&quot;:0,&quot;report_to&quot;:&quot;cf-nel&quot;,&quot;max_age&quot;:604800}&#x27;, server: &#x27;cloudflare&#x27;, &#x27;cf-ray&#x27;: &#x27;8fd0f54d0d18d630-IAD&#x27;, &#x27;content-encoding&#x27;: &#x27;br&#x27;, &#x27;server-timing&#x27;: &#x27;cfL4;desc&#x3D;&quot;?proto&#x3D;TCP&amp;rtt&#x3D;1619&amp;min_rtt&#x3D;895&amp;rtt_var&#x3D;861&amp;sent&#x3D;37&amp;recv&#x3D;29&amp;lost&#x3D;0&amp;retrans&#x3D;0&amp;sent_bytes&#x3D;33034&amp;recv_bytes&#x3D;8555&amp;delivery_rate&#x3D;5037037&amp;cwnd&#x3D;257&amp;unsent_bytes&#x3D;0&amp;cid&#x3D;f069d7392fcc4fa2&amp;ts&#x3D;384&amp;x&#x3D;0&quot;&#x27;, Authorization: &#x27;** SANITIZED TO PREVENT EXPOSING OF SECRETS ***&#x27; }, body: null, bodyUsed: false, ok: true, redirected: false, type: &#x27;default&#x27;, url: &#x27;&#x27; } to not exist</summary>
                        <pre>AssertionError: Expected no result from issuer.: expected Response { status: 200, statusText: &#x27;OK&#x27;, headers: Headers { date: &#x27;Sun, 05 Jan 2025 05:09:47 GMT&#x27;, &#x27;content-type&#x27;: &#x27;text/html; charset&#x3D;utf-8&#x27;, &#x27;transfer-encoding&#x27;: &#x27;chunked&#x27;, connection: &#x27;keep-alive&#x27;, &#x27;cache-control&#x27;: &#x27;no-cache,no-store&#x27;, expires: &#x27;-1&#x27;, pragma: &#x27;no-cache&#x27;, &#x27;x-envoy-upstream-service-time&#x27;: &#x27;7&#x27;, &#x27;cf-cache-status&#x27;: &#x27;DYNAMIC&#x27;, &#x27;report-to&#x27;: &#x27;{&quot;endpoints&quot;:[{&quot;url&quot;:&quot;https:\\/\\/a.nel.cloudflare.com\\/report\\/v4?s&#x3D;AKfLBafQ0h2VxP%2B62zwznOFr6Dt2Pwdy66E3WuD6qmaKoX1%2F0W32YdzigMpv01Yx%2F2dzkAiWz2ytmLe3Mj%2ByBaqQ9HopMqP9J74D7PQE4dfPRgkmYfZ%2F7udY54IoWZP0wfupX8GkrNdSygcBYLbR&quot;}],&quot;group&quot;:&quot;cf-nel&quot;,&quot;max_age&quot;:604800}&#x27;, nel: &#x27;{&quot;success_fraction&quot;:0,&quot;report_to&quot;:&quot;cf-nel&quot;,&quot;max_age&quot;:604800}&#x27;, server: &#x27;cloudflare&#x27;, &#x27;cf-ray&#x27;: &#x27;8fd0f54d0d18d630-IAD&#x27;, &#x27;content-encoding&#x27;: &#x27;br&#x27;, &#x27;server-timing&#x27;: &#x27;cfL4;desc&#x3D;&quot;?proto&#x3D;TCP&amp;rtt&#x3D;1619&amp;min_rtt&#x3D;895&amp;rtt_var&#x3D;861&amp;sent&#x3D;37&amp;recv&#x3D;29&amp;lost&#x3D;0&amp;retrans&#x3D;0&amp;sent_bytes&#x3D;33034&amp;recv_bytes&#x3D;8555&amp;delivery_rate&#x3D;5037037&amp;cwnd&#x3D;257&amp;unsent_bytes&#x3D;0&amp;cid&#x3D;f069d7392fcc4fa2&amp;ts&#x3D;384&amp;x&#x3D;0&quot;&#x27;, Authorization: &#x27;** SANITIZED TO PREVENT EXPOSING OF SECRETS ***&#x27; }, body: null, bodyUsed: false, ok: true, redirected: false, type: &#x27;default&#x27;, url: &#x27;&#x27; } to not exist
                        at should.not.exist (node_modules/chai/lib/chai/interface/should.js:208:38)
                        at shouldThrowInvalidInput (file:///home/runner/work/vc-api-issuer-test-suite/vc-api-issuer-test-suite/tests/assertions.js:9:14)
                        at Context.&lt;anonymous&gt; (file:///home/runner/work/vc-api-issuer-test-suite/vc-api-issuer-test-suite/tests/10-issuer.js:168:11)
                        at process.processTicksAndRejections (node:internal/process/task_queues:95:5)</pre>
                      </details>
                    </div>
                  </td>
              </tr>
              <tr class="confirmed">
                <!--This is the name of the test-->
                <td class="subtest">
                    credential MAY have property &quot;expirationDate&quot;
                </td>
                <!--These contain if the test passed, failed, or was skipped-->
                  <td class="passed not-optional highlight-on-hover text-center">
                    <div class= "highlight-on-hover">‚úì</div>
                    <div class="relative-pos">
                    </div>
                  </td>
                  <td class="failed not-optional highlight-on-hover text-center">
                    <div class= "highlight-on-hover">‚ùå</div>
                    <div class="relative-pos">
                      <details class="err hide">
                        <summary>Expected no error, got Request failed with status code 404 Not Found: expected HTTPError: Request failed with status cod‚Ä¶ { ‚Ä¶(5) } to not exist</summary>
                        <pre>AssertionError: Expected no error, got Request failed with status code 404 Not Found: expected HTTPError: Request failed with status cod‚Ä¶ { ‚Ä¶(5) } to not exist
                        at should.not.exist (node_modules/chai/lib/chai/interface/should.js:208:38)
                        at shouldReturnResult (file:///home/runner/work/vc-api-issuer-test-suite/vc-api-issuer-test-suite/tests/assertions.js:19:14)
                        at Context.&lt;anonymous&gt; (file:///home/runner/work/vc-api-issuer-test-suite/vc-api-issuer-test-suite/tests/10-issuer.js:193:9)
                        at process.processTicksAndRejections (node:internal/process/task_queues:95:5)</pre>
                      </details>
                    </div>
                  </td>
                  <td class="passed not-optional highlight-on-hover text-center">
                    <div class= "highlight-on-hover">‚úì</div>
                    <div class="relative-pos">
                    </div>
                  </td>
                  <td class="passed not-optional highlight-on-hover text-center">
                    <div class= "highlight-on-hover">‚úì</div>
                    <div class="relative-pos">
                    </div>
                  </td>
                  <td class="passed not-optional highlight-on-hover text-center">
                    <div class= "highlight-on-hover">‚úì</div>
                    <div class="relative-pos">
                    </div>
                  </td>
                  <td class="passed not-optional highlight-on-hover text-center">
                    <div class= "highlight-on-hover">‚úì</div>
                    <div class="relative-pos">
                    </div>
                  </td>
                  <td class="failed not-optional highlight-on-hover text-center">
                    <div class= "highlight-on-hover">‚ùå</div>
                    <div class="relative-pos">
                      <details class="err hide">
                        <summary>Request failed with status code 401 Unauthorized</summary>
                        <pre>HTTPError: Request failed with status code 401 Unauthorized
                        at fn (file:///home/runner/work/vc-api-issuer-test-suite/vc-api-issuer-test-suite/node_modules/ky/distribution/core/Ky.js:28:29)
                        at process.processTicksAndRejections (node:internal/process/task_queues:95:5)
                        at async _handleResponse (file:///home/runner/work/vc-api-issuer-test-suite/vc-api-issuer-test-suite/node_modules/@digitalbazaar/http-client/lib/httpClient.js:101:16)
                        at async makeHttpsRequest (file:///home/runner/work/vc-api-issuer-test-suite/vc-api-issuer-test-suite/node_modules/vc-test-suite-implementations/lib/requests.js:46:14)
                        at async _requestAccessToken (file:///home/runner/work/vc-api-issuer-test-suite/vc-api-issuer-test-suite/node_modules/vc-test-suite-implementations/lib/oauth2.js:94:41)
                        at async _getNewAccessToken (file:///home/runner/work/vc-api-issuer-test-suite/vc-api-issuer-test-suite/node_modules/vc-test-suite-implementations/lib/oauth2.js:78:9)
                        at async constructOAuthHeader (file:///home/runner/work/vc-api-issuer-test-suite/vc-api-issuer-test-suite/node_modules/vc-test-suite-implementations/lib/oauth2.js:24:25)
                        at async makeHttpsRequest (file:///home/runner/work/vc-api-issuer-test-suite/vc-api-issuer-test-suite/node_modules/vc-test-suite-implementations/lib/requests.js:43:29)
                        at async Context.&lt;anonymous&gt; (file:///home/runner/work/vc-api-issuer-test-suite/vc-api-issuer-test-suite/tests/10-issuer.js:192:33)</pre>
                      </details>
                    </div>
                  </td>
                  <td class="passed not-optional highlight-on-hover text-center">
                    <div class= "highlight-on-hover">‚úì</div>
                    <div class="relative-pos">
                    </div>
                  </td>
                  <td class="passed not-optional highlight-on-hover text-center">
                    <div class= "highlight-on-hover">‚úì</div>
                    <div class="relative-pos">
                    </div>
                  </td>
                  <td class="failed not-optional highlight-on-hover text-center">
                    <div class= "highlight-on-hover">‚ùå</div>
                    <div class="relative-pos">
                      <details class="err hide">
                        <summary>Request failed with status code 403 Forbidden</summary>
                        <pre>HTTPError: Request failed with status code 403 Forbidden
                        at fn (file:///home/runner/work/vc-api-issuer-test-suite/vc-api-issuer-test-suite/node_modules/ky/distribution/core/Ky.js:28:29)
                        at process.processTicksAndRejections (node:internal/process/task_queues:95:5)
                        at async _handleResponse (file:///home/runner/work/vc-api-issuer-test-suite/vc-api-issuer-test-suite/node_modules/@digitalbazaar/http-client/lib/httpClient.js:101:16)
                        at async makeHttpsRequest (file:///home/runner/work/vc-api-issuer-test-suite/vc-api-issuer-test-suite/node_modules/vc-test-suite-implementations/lib/requests.js:46:14)
                        at async _requestAccessToken (file:///home/runner/work/vc-api-issuer-test-suite/vc-api-issuer-test-suite/node_modules/vc-test-suite-implementations/lib/oauth2.js:94:41)
                        at async _getNewAccessToken (file:///home/runner/work/vc-api-issuer-test-suite/vc-api-issuer-test-suite/node_modules/vc-test-suite-implementations/lib/oauth2.js:78:9)
                        at async constructOAuthHeader (file:///home/runner/work/vc-api-issuer-test-suite/vc-api-issuer-test-suite/node_modules/vc-test-suite-implementations/lib/oauth2.js:24:25)
                        at async makeHttpsRequest (file:///home/runner/work/vc-api-issuer-test-suite/vc-api-issuer-test-suite/node_modules/vc-test-suite-implementations/lib/requests.js:43:29)
                        at async Context.&lt;anonymous&gt; (file:///home/runner/work/vc-api-issuer-test-suite/vc-api-issuer-test-suite/tests/10-issuer.js:192:33)</pre>
                      </details>
                    </div>
                  </td>
                  <td class="failed not-optional highlight-on-hover text-center">
                    <div class= "highlight-on-hover">‚ùå</div>
                    <div class="relative-pos">
                      <details class="err hide">
                        <summary>Expected no error, got Request failed with status code 400 Bad Request: expected HTTPError: Request failed with status cod‚Ä¶ { ‚Ä¶(6) } to not exist</summary>
                        <pre>AssertionError: Expected no error, got Request failed with status code 400 Bad Request: expected HTTPError: Request failed with status cod‚Ä¶ { ‚Ä¶(6) } to not exist
                        at should.not.exist (node_modules/chai/lib/chai/interface/should.js:208:38)
                        at shouldReturnResult (file:///home/runner/work/vc-api-issuer-test-suite/vc-api-issuer-test-suite/tests/assertions.js:19:14)
                        at Context.&lt;anonymous&gt; (file:///home/runner/work/vc-api-issuer-test-suite/vc-api-issuer-test-suite/tests/10-issuer.js:193:9)
                        at process.processTicksAndRejections (node:internal/process/task_queues:95:5)</pre>
                      </details>
                    </div>
                  </td>
                  <td class="failed not-optional highlight-on-hover text-center">
                    <div class= "highlight-on-hover">‚ùå</div>
                    <div class="relative-pos">
                      <details class="err hide">
                        <summary>Expected no error, got fetch failed: expected TypeError: fetch failed { ‚Ä¶(2) } to not exist</summary>
                        <pre>AssertionError: Expected no error, got fetch failed: expected TypeError: fetch failed { ‚Ä¶(2) } to not exist
                        at should.not.exist (node_modules/chai/lib/chai/interface/should.js:208:38)
                        at shouldReturnResult (file:///home/runner/work/vc-api-issuer-test-suite/vc-api-issuer-test-suite/tests/assertions.js:19:14)
                        at Context.&lt;anonymous&gt; (file:///home/runner/work/vc-api-issuer-test-suite/vc-api-issuer-test-suite/tests/10-issuer.js:193:9)
                        at process.processTicksAndRejections (node:internal/process/task_queues:95:5)</pre>
                      </details>
                    </div>
                  </td>
                  <td class="passed not-optional highlight-on-hover text-center">
                    <div class= "highlight-on-hover">‚úì</div>
                    <div class="relative-pos">
                    </div>
                  </td>
                  <td class="passed not-optional highlight-on-hover text-center">
                    <div class= "highlight-on-hover">‚úì</div>
                    <div class="relative-pos">
                    </div>
                  </td>
                  <td class="failed not-optional highlight-on-hover text-center">
                    <div class= "highlight-on-hover">‚ùå</div>
                    <div class="relative-pos">
                      <details class="err hide">
                        <summary>Expected statusCode 201.: expected 200 to equal 201</summary>
                        <pre>AssertionError: Expected statusCode 201.: expected 200 to equal 201
                        at Context.&lt;anonymous&gt; (file:///home/runner/work/vc-api-issuer-test-suite/vc-api-issuer-test-suite/tests/10-issuer.js:194:30)
                        at process.processTicksAndRejections (node:internal/process/task_queues:95:5)</pre>
                      </details>
                    </div>
                  </td>
              </tr>
            </tbody>
            </table>
          </div>
          <div>
            <div class="flex-center">
              <div class="row">
              </div>
              <div class="">
              </div>
            </div>
          </div>
        </section>
        <section class="informative" id="Issue Credential - JWT">
          <h2>Issue Credential - JWT</h2>
          <div class="row">
            <table class="simple">
              <thead>
                <th width="20%">
                  <div class="text-right small-font">
                  Issuer &#8658;
                  </div>
                  <div class="text-left small-font">
                  <span>&#8659;</span><span>Test Name</span>
                  </div>
                </th>
                    <th class="no-wrap small-font text-center">SpruceID</th>
                    <th class="no-wrap small-font text-center">Trential</th>
                </thead>
              <tbody>
              <tr class="confirmed">
                <!--This is the name of the test-->
                <td class="subtest">
                    MUST successfully issue a credential.
                </td>
                <!--These contain if the test passed, failed, or was skipped-->
                  <td class="passed not-optional highlight-on-hover text-center">
                    <div class= "highlight-on-hover">‚úì</div>
                    <div class="relative-pos">
                    </div>
                  </td>
                  <td class="passed not-optional highlight-on-hover text-center">
                    <div class= "highlight-on-hover">‚úì</div>
                    <div class="relative-pos">
                    </div>
                  </td>
              </tr>
              <tr class="confirmed">
                <!--This is the name of the test-->
                <td class="subtest">
                    Request body MUST have property &quot;credential&quot;.
                </td>
                <!--These contain if the test passed, failed, or was skipped-->
                  <td class="passed not-optional highlight-on-hover text-center">
                    <div class= "highlight-on-hover">‚úì</div>
                    <div class="relative-pos">
                    </div>
                  </td>
                  <td class="passed not-optional highlight-on-hover text-center">
                    <div class= "highlight-on-hover">‚úì</div>
                    <div class="relative-pos">
                    </div>
                  </td>
              </tr>
              <tr class="confirmed">
                <!--This is the name of the test-->
                <td class="subtest">
                    credential MUST have property &quot;@context&quot;.
                </td>
                <!--These contain if the test passed, failed, or was skipped-->
                  <td class="passed not-optional highlight-on-hover text-center">
                    <div class= "highlight-on-hover">‚úì</div>
                    <div class="relative-pos">
                    </div>
                  </td>
                  <td class="passed not-optional highlight-on-hover text-center">
                    <div class= "highlight-on-hover">‚úì</div>
                    <div class="relative-pos">
                    </div>
                  </td>
              </tr>
              <tr class="confirmed">
                <!--This is the name of the test-->
                <td class="subtest">
                    credential &quot;@context&quot; MUST be an array.
                </td>
                <!--These contain if the test passed, failed, or was skipped-->
                  <td class="passed not-optional highlight-on-hover text-center">
                    <div class= "highlight-on-hover">‚úì</div>
                    <div class="relative-pos">
                    </div>
                  </td>
                  <td class="passed not-optional highlight-on-hover text-center">
                    <div class= "highlight-on-hover">‚úì</div>
                    <div class="relative-pos">
                    </div>
                  </td>
              </tr>
              <tr class="confirmed">
                <!--This is the name of the test-->
                <td class="subtest">
                    credential &quot;@context&quot; items MUST be strings.
                </td>
                <!--These contain if the test passed, failed, or was skipped-->
                  <td class="passed not-optional highlight-on-hover text-center">
                    <div class= "highlight-on-hover">‚úì</div>
                    <div class="relative-pos">
                    </div>
                  </td>
                  <td class="passed not-optional highlight-on-hover text-center">
                    <div class= "highlight-on-hover">‚úì</div>
                    <div class="relative-pos">
                    </div>
                  </td>
              </tr>
              <tr class="confirmed">
                <!--This is the name of the test-->
                <td class="subtest">
                    credential MUST have property &quot;type&quot;
                </td>
                <!--These contain if the test passed, failed, or was skipped-->
                  <td class="passed not-optional highlight-on-hover text-center">
                    <div class= "highlight-on-hover">‚úì</div>
                    <div class="relative-pos">
                    </div>
                  </td>
                  <td class="passed not-optional highlight-on-hover text-center">
                    <div class= "highlight-on-hover">‚úì</div>
                    <div class="relative-pos">
                    </div>
                  </td>
              </tr>
              <tr class="confirmed">
                <!--This is the name of the test-->
                <td class="subtest">
                    &quot;credential.type&quot; MUST be an array.
                </td>
                <!--These contain if the test passed, failed, or was skipped-->
                  <td class="passed not-optional highlight-on-hover text-center">
                    <div class= "highlight-on-hover">‚úì</div>
                    <div class="relative-pos">
                    </div>
                  </td>
                  <td class="passed not-optional highlight-on-hover text-center">
                    <div class= "highlight-on-hover">‚úì</div>
                    <div class="relative-pos">
                    </div>
                  </td>
              </tr>
              <tr class="confirmed">
                <!--This is the name of the test-->
                <td class="subtest">
                    &quot;credential.type&quot; items MUST be strings
                </td>
                <!--These contain if the test passed, failed, or was skipped-->
                  <td class="passed not-optional highlight-on-hover text-center">
                    <div class= "highlight-on-hover">‚úì</div>
                    <div class="relative-pos">
                    </div>
                  </td>
                  <td class="passed not-optional highlight-on-hover text-center">
                    <div class= "highlight-on-hover">‚úì</div>
                    <div class="relative-pos">
                    </div>
                  </td>
              </tr>
              <tr class="confirmed">
                <!--This is the name of the test-->
                <td class="subtest">
                    credential MUST have property &quot;issuer&quot;
                </td>
                <!--These contain if the test passed, failed, or was skipped-->
                  <td class="passed not-optional highlight-on-hover text-center">
                    <div class= "highlight-on-hover">‚úì</div>
                    <div class="relative-pos">
                    </div>
                  </td>
                  <td class="passed not-optional highlight-on-hover text-center">
                    <div class= "highlight-on-hover">‚úì</div>
                    <div class="relative-pos">
                    </div>
                  </td>
              </tr>
              <tr class="confirmed">
                <!--This is the name of the test-->
                <td class="subtest">
                    &quot;credential.issuer&quot; MUST be a string or an object
                </td>
                <!--These contain if the test passed, failed, or was skipped-->
                  <td class="passed not-optional highlight-on-hover text-center">
                    <div class= "highlight-on-hover">‚úì</div>
                    <div class="relative-pos">
                    </div>
                  </td>
                  <td class="passed not-optional highlight-on-hover text-center">
                    <div class= "highlight-on-hover">‚úì</div>
                    <div class="relative-pos">
                    </div>
                  </td>
              </tr>
              <tr class="confirmed">
                <!--This is the name of the test-->
                <td class="subtest">
                    credential MUST have property &quot;credentialSubject&quot;
                </td>
                <!--These contain if the test passed, failed, or was skipped-->
                  <td class="passed not-optional highlight-on-hover text-center">
                    <div class= "highlight-on-hover">‚úì</div>
                    <div class="relative-pos">
                    </div>
                  </td>
                  <td class="passed not-optional highlight-on-hover text-center">
                    <div class= "highlight-on-hover">‚úì</div>
                    <div class="relative-pos">
                    </div>
                  </td>
              </tr>
              <tr class="confirmed">
                <!--This is the name of the test-->
                <td class="subtest">
                    &quot;credential.credentialSubject&quot; MUST be an object
                </td>
                <!--These contain if the test passed, failed, or was skipped-->
                  <td class="passed not-optional highlight-on-hover text-center">
                    <div class= "highlight-on-hover">‚úì</div>
                    <div class="relative-pos">
                    </div>
                  </td>
                  <td class="passed not-optional highlight-on-hover text-center">
                    <div class= "highlight-on-hover">‚úì</div>
                    <div class="relative-pos">
                    </div>
                  </td>
              </tr>
              <tr class="confirmed">
                <!--This is the name of the test-->
                <td class="subtest">
                    credential MAY have property &quot;issuanceDate&quot;
                </td>
                <!--These contain if the test passed, failed, or was skipped-->
                  <td class="passed not-optional highlight-on-hover text-center">
                    <div class= "highlight-on-hover">‚úì</div>
                    <div class="relative-pos">
                    </div>
                  </td>
                  <td class="passed not-optional highlight-on-hover text-center">
                    <div class= "highlight-on-hover">‚úì</div>
                    <div class="relative-pos">
                    </div>
                  </td>
              </tr>
              <tr class="confirmed">
                <!--This is the name of the test-->
                <td class="subtest">
                    credential MAY have property &quot;expirationDate&quot;
                </td>
                <!--These contain if the test passed, failed, or was skipped-->
                  <td class="passed not-optional highlight-on-hover text-center">
                    <div class= "highlight-on-hover">‚úì</div>
                    <div class="relative-pos">
                    </div>
                  </td>
                  <td class="passed not-optional highlight-on-hover text-center">
                    <div class= "highlight-on-hover">‚úì</div>
                    <div class="relative-pos">
                    </div>
                  </td>
              </tr>
            </tbody>
            </table>
          </div>
          <div>
            <div class="flex-center">
              <div class="row">
              </div>
              <div class="">
              </div>
            </div>
          </div>
        </section>
    </section>
  </body>
</html>
